;  LST file generated by mikroListExporter - v.2.0 
; Date/Time: 3/26/2018 1:00:04 AM
;----------------------------------------------

;Address Opcode 	ASM
0x0000	0x2AB9      	GOTO       697
_Delay_5500us:
;__Lib_Delays.c,31 :: 		void Delay_5500us() {
;__Lib_Delays.c,32 :: 		Delay_us(5500);
0x0003	0x3024      	MOVLW      36
0x0004	0x1283      	BCF        STATUS, 5
0x0005	0x1303      	BCF        STATUS, 6
0x0006	0x00FC      	MOVWF      R12
0x0007	0x30B5      	MOVLW      181
0x0008	0x00FD      	MOVWF      R13
L_Delay_5500us5:
0x0009	0x0BFD      	DECFSZ     R13, 1
0x000A	0x2809      	GOTO       L_Delay_5500us5
0x000B	0x0BFC      	DECFSZ     R12, 1
0x000C	0x2809      	GOTO       L_Delay_5500us5
0x000D	0x0000      	NOP
0x000E	0x0000      	NOP
;__Lib_Delays.c,33 :: 		}
L_end_Delay_5500us:
0x000F	0x0008      	RETURN
; end of _Delay_5500us
_Delay_50us:
;__Lib_Delays.c,19 :: 		void Delay_50us() {
;__Lib_Delays.c,20 :: 		Delay_us(50);
0x0010	0x3053      	MOVLW      83
0x0011	0x1283      	BCF        STATUS, 5
0x0012	0x1303      	BCF        STATUS, 6
0x0013	0x00FD      	MOVWF      R13
L_Delay_50us2:
0x0014	0x0BFD      	DECFSZ     R13, 1
0x0015	0x2814      	GOTO       L_Delay_50us2
;__Lib_Delays.c,21 :: 		}
L_end_Delay_50us:
0x0016	0x0008      	RETURN
; end of _Delay_50us
_Delay_1us:
;__Lib_Delays.c,7 :: 		void Delay_1us() {
;__Lib_Delays.c,8 :: 		Delay_us(1);
0x0017	0x0000      	NOP
0x0018	0x0000      	NOP
0x0019	0x0000      	NOP
0x001A	0x0000      	NOP
0x001B	0x0000      	NOP
;__Lib_Delays.c,9 :: 		}
L_end_Delay_1us:
0x001C	0x0008      	RETURN
; end of _Delay_1us
_Div_8x8_U:
;__Lib_Math.c,189 :: 		
;__Lib_Math.c,196 :: 		
0x001D	0x1283      	BCF        STATUS, 5
;__Lib_Math.c,197 :: 		
0x001E	0x1303      	BCF        STATUS, 6
;__Lib_Math.c,198 :: 		
0x001F	0x01F8      	CLRF       R8
;__Lib_Math.c,199 :: 		
0x0020	0x3008      	MOVLW      8
;__Lib_Math.c,200 :: 		
0x0021	0x00FC      	MOVWF      R12
;__Lib_Math.c,201 :: 		
0x0022	0x0D70      	RLF        R0, 0
;__Lib_Math.c,202 :: 		
0x0023	0x0DF8      	RLF        R8, 1
;__Lib_Math.c,203 :: 		
0x0024	0x0874      	MOVF       R4, 0
;__Lib_Math.c,204 :: 		
0x0025	0x02F8      	SUBWF      R8, 1
;__Lib_Math.c,205 :: 		
0x0026	0x1803      	BTFSC      STATUS, 0
;__Lib_Math.c,206 :: 		
0x0027	0x282A      	GOTO       $+3
;__Lib_Math.c,207 :: 		
0x0028	0x07F8      	ADDWF      R8, 1
;__Lib_Math.c,208 :: 		
0x0029	0x1003      	BCF        STATUS, 0
;__Lib_Math.c,209 :: 		
0x002A	0x0DF0      	RLF        R0, 1
;__Lib_Math.c,210 :: 		
0x002B	0x0BFC      	DECFSZ     R12, 1
;__Lib_Math.c,211 :: 		
0x002C	0x2822      	GOTO       $-10
;__Lib_Math.c,213 :: 		
L_end_Div_8x8_U:
0x002D	0x0008      	RETURN
; end of _Div_8x8_U
_Lcd_Cmd:
;__Lib_Lcd.c,18 :: 		
;__Lib_Lcd.c,20 :: 		
0x002E	0x1683      	BSF        STATUS, 5
0x002F	0x1303      	BCF        STATUS, 6
0x0030	0x1BA3      	BTFSC      FARG_Lcd_Cmd_out_char, 7
0x0031	0x2835      	GOTO       L__Lcd_Cmd21
0x0032	0x1283      	BCF        STATUS, 5
0x0033	0x1387      	BCF        LCD_D7, BitPos(LCD_D7+0)
0x0034	0x2837      	GOTO       L__Lcd_Cmd22
L__Lcd_Cmd21:
0x0035	0x1283      	BCF        STATUS, 5
0x0036	0x1787      	BSF        LCD_D7, BitPos(LCD_D7+0)
L__Lcd_Cmd22:
;__Lib_Lcd.c,21 :: 		
0x0037	0x1683      	BSF        STATUS, 5
0x0038	0x1B23      	BTFSC      FARG_Lcd_Cmd_out_char, 6
0x0039	0x283D      	GOTO       L__Lcd_Cmd23
0x003A	0x1283      	BCF        STATUS, 5
0x003B	0x1307      	BCF        LCD_D6, BitPos(LCD_D6+0)
0x003C	0x283F      	GOTO       L__Lcd_Cmd24
L__Lcd_Cmd23:
0x003D	0x1283      	BCF        STATUS, 5
0x003E	0x1707      	BSF        LCD_D6, BitPos(LCD_D6+0)
L__Lcd_Cmd24:
;__Lib_Lcd.c,22 :: 		
0x003F	0x1683      	BSF        STATUS, 5
0x0040	0x1AA3      	BTFSC      FARG_Lcd_Cmd_out_char, 5
0x0041	0x2845      	GOTO       L__Lcd_Cmd25
0x0042	0x1283      	BCF        STATUS, 5
0x0043	0x1287      	BCF        LCD_D5, BitPos(LCD_D5+0)
0x0044	0x2847      	GOTO       L__Lcd_Cmd26
L__Lcd_Cmd25:
0x0045	0x1283      	BCF        STATUS, 5
0x0046	0x1687      	BSF        LCD_D5, BitPos(LCD_D5+0)
L__Lcd_Cmd26:
;__Lib_Lcd.c,23 :: 		
0x0047	0x1683      	BSF        STATUS, 5
0x0048	0x1A23      	BTFSC      FARG_Lcd_Cmd_out_char, 4
0x0049	0x284D      	GOTO       L__Lcd_Cmd27
0x004A	0x1283      	BCF        STATUS, 5
0x004B	0x1207      	BCF        LCD_D4, BitPos(LCD_D4+0)
0x004C	0x284F      	GOTO       L__Lcd_Cmd28
L__Lcd_Cmd27:
0x004D	0x1283      	BCF        STATUS, 5
0x004E	0x1607      	BSF        LCD_D4, BitPos(LCD_D4+0)
L__Lcd_Cmd28:
;__Lib_Lcd.c,25 :: 		
0x004F	0x1861      	BTFSC      __Lib_Lcd_cmd_status, BitPos(__Lib_Lcd_cmd_status+0)
0x0050	0x2853      	GOTO       L__Lcd_Cmd29
0x0051	0x1507      	BSF        LCD_RS, BitPos(LCD_RS+0)
0x0052	0x2854      	GOTO       L__Lcd_Cmd30
L__Lcd_Cmd29:
0x0053	0x1107      	BCF        LCD_RS, BitPos(LCD_RS+0)
L__Lcd_Cmd30:
;__Lib_Lcd.c,28 :: 		
0x0054	0x1587      	BSF        LCD_EN, BitPos(LCD_EN+0)
;__Lib_Lcd.c,29 :: 		
0x0055	0x2017      	CALL       _Delay_1us
;__Lib_Lcd.c,30 :: 		
0x0056	0x1187      	BCF        LCD_EN, BitPos(LCD_EN+0)
;__Lib_Lcd.c,33 :: 		
0x0057	0x1683      	BSF        STATUS, 5
0x0058	0x19A3      	BTFSC      FARG_Lcd_Cmd_out_char, 3
0x0059	0x285D      	GOTO       L__Lcd_Cmd31
0x005A	0x1283      	BCF        STATUS, 5
0x005B	0x1387      	BCF        LCD_D7, BitPos(LCD_D7+0)
0x005C	0x285F      	GOTO       L__Lcd_Cmd32
L__Lcd_Cmd31:
0x005D	0x1283      	BCF        STATUS, 5
0x005E	0x1787      	BSF        LCD_D7, BitPos(LCD_D7+0)
L__Lcd_Cmd32:
;__Lib_Lcd.c,34 :: 		
0x005F	0x1683      	BSF        STATUS, 5
0x0060	0x1923      	BTFSC      FARG_Lcd_Cmd_out_char, 2
0x0061	0x2865      	GOTO       L__Lcd_Cmd33
0x0062	0x1283      	BCF        STATUS, 5
0x0063	0x1307      	BCF        LCD_D6, BitPos(LCD_D6+0)
0x0064	0x2867      	GOTO       L__Lcd_Cmd34
L__Lcd_Cmd33:
0x0065	0x1283      	BCF        STATUS, 5
0x0066	0x1707      	BSF        LCD_D6, BitPos(LCD_D6+0)
L__Lcd_Cmd34:
;__Lib_Lcd.c,35 :: 		
0x0067	0x1683      	BSF        STATUS, 5
0x0068	0x18A3      	BTFSC      FARG_Lcd_Cmd_out_char, 1
0x0069	0x286D      	GOTO       L__Lcd_Cmd35
0x006A	0x1283      	BCF        STATUS, 5
0x006B	0x1287      	BCF        LCD_D5, BitPos(LCD_D5+0)
0x006C	0x286F      	GOTO       L__Lcd_Cmd36
L__Lcd_Cmd35:
0x006D	0x1283      	BCF        STATUS, 5
0x006E	0x1687      	BSF        LCD_D5, BitPos(LCD_D5+0)
L__Lcd_Cmd36:
;__Lib_Lcd.c,36 :: 		
0x006F	0x1683      	BSF        STATUS, 5
0x0070	0x1823      	BTFSC      FARG_Lcd_Cmd_out_char, 0
0x0071	0x2875      	GOTO       L__Lcd_Cmd37
0x0072	0x1283      	BCF        STATUS, 5
0x0073	0x1207      	BCF        LCD_D4, BitPos(LCD_D4+0)
0x0074	0x2877      	GOTO       L__Lcd_Cmd38
L__Lcd_Cmd37:
0x0075	0x1283      	BCF        STATUS, 5
0x0076	0x1607      	BSF        LCD_D4, BitPos(LCD_D4+0)
L__Lcd_Cmd38:
;__Lib_Lcd.c,38 :: 		
0x0077	0x1861      	BTFSC      __Lib_Lcd_cmd_status, BitPos(__Lib_Lcd_cmd_status+0)
0x0078	0x287B      	GOTO       L__Lcd_Cmd39
0x0079	0x1507      	BSF        LCD_RS, BitPos(LCD_RS+0)
0x007A	0x287C      	GOTO       L__Lcd_Cmd40
L__Lcd_Cmd39:
0x007B	0x1107      	BCF        LCD_RS, BitPos(LCD_RS+0)
L__Lcd_Cmd40:
;__Lib_Lcd.c,40 :: 		
0x007C	0x1587      	BSF        LCD_EN, BitPos(LCD_EN+0)
;__Lib_Lcd.c,41 :: 		
0x007D	0x2017      	CALL       _Delay_1us
;__Lib_Lcd.c,42 :: 		
0x007E	0x1187      	BCF        LCD_EN, BitPos(LCD_EN+0)
;__Lib_Lcd.c,44 :: 		
0x007F	0x1C61      	BTFSS      __Lib_Lcd_cmd_status, BitPos(__Lib_Lcd_cmd_status+0)
0x0080	0x2883      	GOTO       L_Lcd_Cmd0
;__Lib_Lcd.c,45 :: 		
0x0081	0x2003      	CALL       _Delay_5500us
0x0082	0x2884      	GOTO       L_Lcd_Cmd1
L_Lcd_Cmd0:
;__Lib_Lcd.c,47 :: 		
0x0083	0x2010      	CALL       _Delay_50us
L_Lcd_Cmd1:
;__Lib_Lcd.c,48 :: 		
L_end_Lcd_Cmd:
0x0084	0x0008      	RETURN
; end of _Lcd_Cmd
_Lcd_Chr_CP:
;__Lib_Lcd.c,50 :: 		
;__Lib_Lcd.c,52 :: 		
0x0085	0x1283      	BCF        STATUS, 5
0x0086	0x1303      	BCF        STATUS, 6
0x0087	0x1061      	BCF        __Lib_Lcd_cmd_status, BitPos(__Lib_Lcd_cmd_status+0)
;__Lib_Lcd.c,53 :: 		
0x0088	0x086F      	MOVF       FARG_Lcd_Chr_CP_out_char, 0
0x0089	0x1683      	BSF        STATUS, 5
0x008A	0x00A3      	MOVWF      FARG_Lcd_Cmd_out_char
0x008B	0x202E      	CALL       _Lcd_Cmd
;__Lib_Lcd.c,54 :: 		
0x008C	0x1461      	BSF        __Lib_Lcd_cmd_status, BitPos(__Lib_Lcd_cmd_status+0)
;__Lib_Lcd.c,55 :: 		
L_end_Lcd_Chr_CP:
0x008D	0x0008      	RETURN
; end of _Lcd_Chr_CP
_ByteToStr:
;__Lib_Conversions.c,66 :: 		
;__Lib_Conversions.c,69 :: 		
0x008E	0x1283      	BCF        STATUS, 5
0x008F	0x1303      	BCF        STATUS, 6
0x0090	0x01EF      	CLRF       ByteToStr_DigitPos_L0
L_ByteToStr0:
0x0091	0x3003      	MOVLW      3
0x0092	0x026F      	SUBWF      ByteToStr_DigitPos_L0, 0
0x0093	0x1803      	BTFSC      STATUS, 0
0x0094	0x289E      	GOTO       L_ByteToStr1
;__Lib_Conversions.c,70 :: 		
0x0095	0x086F      	MOVF       ByteToStr_DigitPos_L0, 0
0x0096	0x1683      	BSF        STATUS, 5
0x0097	0x0721      	ADDWF      FARG_ByteToStr_output, 0
0x0098	0x0084      	MOVWF      FSR
0x0099	0x3020      	MOVLW      32
0x009A	0x0080      	MOVWF      INDF
;__Lib_Conversions.c,69 :: 		
0x009B	0x1283      	BCF        STATUS, 5
0x009C	0x0AEF      	INCF       ByteToStr_DigitPos_L0, 1
;__Lib_Conversions.c,70 :: 		
0x009D	0x2891      	GOTO       L_ByteToStr0
L_ByteToStr1:
;__Lib_Conversions.c,72 :: 		
0x009E	0x086F      	MOVF       ByteToStr_DigitPos_L0, 0
0x009F	0x1683      	BSF        STATUS, 5
0x00A0	0x0721      	ADDWF      FARG_ByteToStr_output, 0
0x00A1	0x0084      	MOVWF      FSR
0x00A2	0x0180      	CLRF       INDF
0x00A3	0x1283      	BCF        STATUS, 5
0x00A4	0x03EF      	DECF       ByteToStr_DigitPos_L0, 1
;__Lib_Conversions.c,74 :: 		
L_ByteToStr3:
;__Lib_Conversions.c,75 :: 		
0x00A5	0x086F      	MOVF       ByteToStr_DigitPos_L0, 0
0x00A6	0x1683      	BSF        STATUS, 5
0x00A7	0x0721      	ADDWF      FARG_ByteToStr_output, 0
0x00A8	0x00A2      	MOVWF      FLOC__ByteToStr
0x00A9	0x300A      	MOVLW      10
0x00AA	0x00F4      	MOVWF      R4
0x00AB	0x0820      	MOVF       FARG_ByteToStr_input, 0
0x00AC	0x00F0      	MOVWF      R0
0x00AD	0x201D      	CALL       _Div_8x8_U
0x00AE	0x0878      	MOVF       R8, 0
0x00AF	0x00F0      	MOVWF      R0
0x00B0	0x3030      	MOVLW      48
0x00B1	0x07F0      	ADDWF      R0, 1
0x00B2	0x1683      	BSF        STATUS, 5
0x00B3	0x0822      	MOVF       FLOC__ByteToStr, 0
0x00B4	0x0084      	MOVWF      FSR
0x00B5	0x0870      	MOVF       R0, 0
0x00B6	0x0080      	MOVWF      INDF
;__Lib_Conversions.c,76 :: 		
0x00B7	0x300A      	MOVLW      10
0x00B8	0x00F4      	MOVWF      R4
0x00B9	0x0820      	MOVF       FARG_ByteToStr_input, 0
0x00BA	0x00F0      	MOVWF      R0
0x00BB	0x201D      	CALL       _Div_8x8_U
0x00BC	0x0870      	MOVF       R0, 0
0x00BD	0x1683      	BSF        STATUS, 5
0x00BE	0x00A0      	MOVWF      FARG_ByteToStr_input
;__Lib_Conversions.c,77 :: 		
0x00BF	0x0870      	MOVF       R0, 0
0x00C0	0x3A00      	XORLW      0
0x00C1	0x1D03      	BTFSS      STATUS, 2
0x00C2	0x28C4      	GOTO       L_ByteToStr5
;__Lib_Conversions.c,78 :: 		
0x00C3	0x28C7      	GOTO       L_ByteToStr4
L_ByteToStr5:
;__Lib_Conversions.c,79 :: 		
0x00C4	0x1283      	BCF        STATUS, 5
0x00C5	0x03EF      	DECF       ByteToStr_DigitPos_L0, 1
;__Lib_Conversions.c,80 :: 		
0x00C6	0x28A5      	GOTO       L_ByteToStr3
L_ByteToStr4:
;__Lib_Conversions.c,81 :: 		
L_end_ByteToStr:
0x00C7	0x0008      	RETURN
; end of _ByteToStr
_____DoICP:
;__Lib_System.c,6 :: 		
;__Lib_System.c,9 :: 		
0x00C8	0x1283      	BCF        STATUS, 5
0x00C9	0x1303      	BCF        STATUS, 6
0x00CA	0x085A      	MOVF       ___DoICPAddr+1, 0
0x00CB	0x008A      	MOVWF      PCLATH
;__Lib_System.c,10 :: 		
0x00CC	0x0859      	MOVF       ___DoICPAddr, 0
0x00CD	0x0082      	MOVWF      PCL
;__Lib_System.c,12 :: 		
L_end_____DoICP:
0x00CE	0x0008      	RETURN
; end of _____DoICP
_Delay_22us:
;__Lib_Delays.c,15 :: 		void Delay_22us() {
;__Lib_Delays.c,16 :: 		Delay_us(22);
0x00CF	0x3024      	MOVLW      36
0x00D0	0x1283      	BCF        STATUS, 5
0x00D1	0x1303      	BCF        STATUS, 6
0x00D2	0x00FD      	MOVWF      R13
L_Delay_22us1:
0x00D3	0x0BFD      	DECFSZ     R13, 1
0x00D4	0x28D3      	GOTO       L_Delay_22us1
0x00D5	0x0000      	NOP
;__Lib_Delays.c,17 :: 		}
L_end_Delay_22us:
0x00D6	0x0008      	RETURN
; end of _Delay_22us
_ShortToStr:
;__Lib_Conversions.c,117 :: 		
;__Lib_Conversions.c,122 :: 		
0x00D7	0x1283      	BCF        STATUS, 5
0x00D8	0x1303      	BCF        STATUS, 6
0x00D9	0x01EB      	CLRF       ShortToStr_negative_L0
0x00DA	0x01EC      	CLRF       ShortToStr_negative_L0+1
;__Lib_Conversions.c,123 :: 		
0x00DB	0x0867      	MOVF       FARG_ShortToStr_input, 0
0x00DC	0x00ED      	MOVWF      ShortToStr_inbyte_L0
0x00DD	0x3000      	MOVLW      0
0x00DE	0x1BED      	BTFSC      ShortToStr_inbyte_L0, 7
0x00DF	0x30FF      	MOVLW      255
0x00E0	0x00EE      	MOVWF      ShortToStr_inbyte_L0+1
;__Lib_Conversions.c,124 :: 		
0x00E1	0x3080      	MOVLW      128
0x00E2	0x0667      	XORWF      FARG_ShortToStr_input, 0
0x00E3	0x00F0      	MOVWF      R0
0x00E4	0x3080      	MOVLW      128
0x00E5	0x3A00      	XORLW      0
0x00E6	0x0270      	SUBWF      R0, 0
0x00E7	0x1803      	BTFSC      STATUS, 0
0x00E8	0x28F6      	GOTO       L_ShortToStr17
;__Lib_Conversions.c,125 :: 		
0x00E9	0x0AEB      	INCF       ShortToStr_negative_L0, 1
0x00EA	0x1903      	BTFSC      STATUS, 2
0x00EB	0x0AEC      	INCF       ShortToStr_negative_L0+1, 1
;__Lib_Conversions.c,126 :: 		
0x00EC	0x0867      	MOVF       FARG_ShortToStr_input, 0
0x00ED	0x3C00      	SUBLW      0
0x00EE	0x00ED      	MOVWF      ShortToStr_inbyte_L0
0x00EF	0x01EE      	CLRF       ShortToStr_inbyte_L0+1
0x00F0	0x1C03      	BTFSS      STATUS, 0
0x00F1	0x03EE      	DECF       ShortToStr_inbyte_L0+1, 1
0x00F2	0x3001      	MOVLW      1
0x00F3	0x1FE7      	BTFSS      FARG_ShortToStr_input, 7
0x00F4	0x3000      	MOVLW      0
0x00F5	0x07EE      	ADDWF      ShortToStr_inbyte_L0+1, 1
;__Lib_Conversions.c,127 :: 		
L_ShortToStr17:
;__Lib_Conversions.c,128 :: 		
0x00F6	0x086D      	MOVF       ShortToStr_inbyte_L0, 0
0x00F7	0x1683      	BSF        STATUS, 5
0x00F8	0x00A0      	MOVWF      FARG_ByteToStr_input
0x00F9	0x1283      	BCF        STATUS, 5
0x00FA	0x0868      	MOVF       FARG_ShortToStr_output, 0
0x00FB	0x1683      	BSF        STATUS, 5
0x00FC	0x00A1      	MOVWF      FARG_ByteToStr_output
0x00FD	0x208E      	CALL       _ByteToStr
;__Lib_Conversions.c,130 :: 		
0x00FE	0x3004      	MOVLW      4
0x00FF	0x1283      	BCF        STATUS, 5
0x0100	0x1303      	BCF        STATUS, 6
0x0101	0x00E9      	MOVWF      ShortToStr_i_L0
0x0102	0x3000      	MOVLW      0
0x0103	0x00EA      	MOVWF      ShortToStr_i_L0+1
;__Lib_Conversions.c,131 :: 		
L_ShortToStr18:
0x0104	0x086A      	MOVF       ShortToStr_i_L0+1, 0
0x0105	0x3C00      	SUBLW      0
0x0106	0x1D03      	BTFSS      STATUS, 2
0x0107	0x290A      	GOTO       L__ShortToStr113
0x0108	0x0869      	MOVF       ShortToStr_i_L0, 0
0x0109	0x3C00      	SUBLW      0
L__ShortToStr113:
0x010A	0x1803      	BTFSC      STATUS, 0
0x010B	0x2925      	GOTO       L_ShortToStr19
;__Lib_Conversions.c,132 :: 		
0x010C	0x0869      	MOVF       ShortToStr_i_L0, 0
0x010D	0x0768      	ADDWF      FARG_ShortToStr_output, 0
0x010E	0x00F2      	MOVWF      R2
0x010F	0x3001      	MOVLW      1
0x0110	0x0269      	SUBWF      ShortToStr_i_L0, 0
0x0111	0x00F0      	MOVWF      R0
0x0112	0x3000      	MOVLW      0
0x0113	0x1C03      	BTFSS      STATUS, 0
0x0114	0x3E01      	ADDLW      1
0x0115	0x026A      	SUBWF      ShortToStr_i_L0+1, 0
0x0116	0x00F1      	MOVWF      R0+1
0x0117	0x0870      	MOVF       R0, 0
0x0118	0x0768      	ADDWF      FARG_ShortToStr_output, 0
0x0119	0x0084      	MOVWF      FSR
0x011A	0x0800      	MOVF       INDF, 0
0x011B	0x00F0      	MOVWF      R0
0x011C	0x0872      	MOVF       R2, 0
0x011D	0x0084      	MOVWF      FSR
0x011E	0x0870      	MOVF       R0, 0
0x011F	0x0080      	MOVWF      INDF
;__Lib_Conversions.c,133 :: 		
0x0120	0x3001      	MOVLW      1
0x0121	0x02E9      	SUBWF      ShortToStr_i_L0, 1
0x0122	0x1C03      	BTFSS      STATUS, 0
0x0123	0x03EA      	DECF       ShortToStr_i_L0+1, 1
;__Lib_Conversions.c,134 :: 		
0x0124	0x2904      	GOTO       L_ShortToStr18
L_ShortToStr19:
;__Lib_Conversions.c,135 :: 		
0x0125	0x0868      	MOVF       FARG_ShortToStr_output, 0
0x0126	0x0084      	MOVWF      FSR
0x0127	0x3020      	MOVLW      32
0x0128	0x0080      	MOVWF      INDF
;__Lib_Conversions.c,136 :: 		
0x0129	0x086B      	MOVF       ShortToStr_negative_L0, 0
0x012A	0x046C      	IORWF      ShortToStr_negative_L0+1, 0
0x012B	0x1903      	BTFSC      STATUS, 2
0x012C	0x2943      	GOTO       L_ShortToStr20
;__Lib_Conversions.c,137 :: 		
0x012D	0x01E9      	CLRF       ShortToStr_i_L0
0x012E	0x01EA      	CLRF       ShortToStr_i_L0+1
;__Lib_Conversions.c,138 :: 		
L_ShortToStr21:
0x012F	0x0869      	MOVF       ShortToStr_i_L0, 0
0x0130	0x0768      	ADDWF      FARG_ShortToStr_output, 0
0x0131	0x0084      	MOVWF      FSR
0x0132	0x0800      	MOVF       INDF, 0
0x0133	0x3A20      	XORLW      32
0x0134	0x1D03      	BTFSS      STATUS, 2
0x0135	0x293A      	GOTO       L_ShortToStr22
;__Lib_Conversions.c,139 :: 		
0x0136	0x0AE9      	INCF       ShortToStr_i_L0, 1
0x0137	0x1903      	BTFSC      STATUS, 2
0x0138	0x0AEA      	INCF       ShortToStr_i_L0+1, 1
0x0139	0x292F      	GOTO       L_ShortToStr21
L_ShortToStr22:
;__Lib_Conversions.c,140 :: 		
0x013A	0x3001      	MOVLW      1
0x013B	0x02E9      	SUBWF      ShortToStr_i_L0, 1
0x013C	0x1C03      	BTFSS      STATUS, 0
0x013D	0x03EA      	DECF       ShortToStr_i_L0+1, 1
;__Lib_Conversions.c,141 :: 		
0x013E	0x0869      	MOVF       ShortToStr_i_L0, 0
0x013F	0x0768      	ADDWF      FARG_ShortToStr_output, 0
0x0140	0x0084      	MOVWF      FSR
0x0141	0x302D      	MOVLW      45
0x0142	0x0080      	MOVWF      INDF
;__Lib_Conversions.c,142 :: 		
L_ShortToStr20:
;__Lib_Conversions.c,143 :: 		
L_end_ShortToStr:
0x0143	0x0008      	RETURN
; end of _ShortToStr
_Lcd_Out:
;__Lib_Lcd.c,184 :: 		
;__Lib_Lcd.c,187 :: 		
0x0144	0x2956      	GOTO       L_Lcd_Out11
;__Lib_Lcd.c,188 :: 		
L_Lcd_Out13:
0x0145	0x3080      	MOVLW      128
0x0146	0x1283      	BCF        STATUS, 5
0x0147	0x1303      	BCF        STATUS, 6
0x0148	0x00E7      	MOVWF      FARG_Lcd_Out_row
0x0149	0x2969      	GOTO       L_Lcd_Out12
;__Lib_Lcd.c,189 :: 		
L_Lcd_Out14:
0x014A	0x30C0      	MOVLW      192
0x014B	0x00E7      	MOVWF      FARG_Lcd_Out_row
0x014C	0x2969      	GOTO       L_Lcd_Out12
;__Lib_Lcd.c,190 :: 		
L_Lcd_Out15:
0x014D	0x3094      	MOVLW      148
0x014E	0x00E7      	MOVWF      FARG_Lcd_Out_row
0x014F	0x2969      	GOTO       L_Lcd_Out12
;__Lib_Lcd.c,191 :: 		
L_Lcd_Out16:
0x0150	0x30D4      	MOVLW      212
0x0151	0x00E7      	MOVWF      FARG_Lcd_Out_row
0x0152	0x2969      	GOTO       L_Lcd_Out12
;__Lib_Lcd.c,192 :: 		
L_Lcd_Out17:
0x0153	0x3080      	MOVLW      128
0x0154	0x00E7      	MOVWF      FARG_Lcd_Out_row
;__Lib_Lcd.c,193 :: 		
0x0155	0x2969      	GOTO       L_Lcd_Out12
L_Lcd_Out11:
0x0156	0x1283      	BCF        STATUS, 5
0x0157	0x1303      	BCF        STATUS, 6
0x0158	0x0867      	MOVF       FARG_Lcd_Out_row, 0
0x0159	0x3A01      	XORLW      1
0x015A	0x1903      	BTFSC      STATUS, 2
0x015B	0x2945      	GOTO       L_Lcd_Out13
0x015C	0x0867      	MOVF       FARG_Lcd_Out_row, 0
0x015D	0x3A02      	XORLW      2
0x015E	0x1903      	BTFSC      STATUS, 2
0x015F	0x294A      	GOTO       L_Lcd_Out14
0x0160	0x0867      	MOVF       FARG_Lcd_Out_row, 0
0x0161	0x3A03      	XORLW      3
0x0162	0x1903      	BTFSC      STATUS, 2
0x0163	0x294D      	GOTO       L_Lcd_Out15
0x0164	0x0867      	MOVF       FARG_Lcd_Out_row, 0
0x0165	0x3A04      	XORLW      4
0x0166	0x1903      	BTFSC      STATUS, 2
0x0167	0x2950      	GOTO       L_Lcd_Out16
0x0168	0x2953      	GOTO       L_Lcd_Out17
L_Lcd_Out12:
;__Lib_Lcd.c,194 :: 		
0x0169	0x0368      	DECF       FARG_Lcd_Out_column, 0
0x016A	0x00F0      	MOVWF      R0
0x016B	0x0867      	MOVF       FARG_Lcd_Out_row, 0
0x016C	0x07F0      	ADDWF      R0, 1
0x016D	0x0870      	MOVF       R0, 0
0x016E	0x00E7      	MOVWF      FARG_Lcd_Out_row
;__Lib_Lcd.c,196 :: 		
0x016F	0x0870      	MOVF       R0, 0
0x0170	0x1683      	BSF        STATUS, 5
0x0171	0x00A3      	MOVWF      FARG_Lcd_Cmd_out_char
0x0172	0x202E      	CALL       _Lcd_Cmd
;__Lib_Lcd.c,197 :: 		
0x0173	0x1061      	BCF        __Lib_Lcd_cmd_status, BitPos(__Lib_Lcd_cmd_status+0)
;__Lib_Lcd.c,198 :: 		
0x0174	0x01EA      	CLRF       Lcd_Out_i_L0
;__Lib_Lcd.c,199 :: 		
L_Lcd_Out18:
0x0175	0x086A      	MOVF       Lcd_Out_i_L0, 0
0x0176	0x0769      	ADDWF      FARG_Lcd_Out_text, 0
0x0177	0x0084      	MOVWF      FSR
0x0178	0x0800      	MOVF       INDF, 0
0x0179	0x1903      	BTFSC      STATUS, 2
0x017A	0x2983      	GOTO       L_Lcd_Out19
;__Lib_Lcd.c,200 :: 		
0x017B	0x086A      	MOVF       Lcd_Out_i_L0, 0
0x017C	0x0769      	ADDWF      FARG_Lcd_Out_text, 0
0x017D	0x0084      	MOVWF      FSR
0x017E	0x0800      	MOVF       INDF, 0
0x017F	0x00EF      	MOVWF      FARG_Lcd_Chr_CP_out_char
0x0180	0x2085      	CALL       _Lcd_Chr_CP
0x0181	0x0AEA      	INCF       Lcd_Out_i_L0, 1
0x0182	0x2975      	GOTO       L_Lcd_Out18
L_Lcd_Out19:
;__Lib_Lcd.c,201 :: 		
0x0183	0x1461      	BSF        __Lib_Lcd_cmd_status, BitPos(__Lib_Lcd_cmd_status+0)
;__Lib_Lcd.c,202 :: 		
L_end_Lcd_Out:
0x0184	0x0008      	RETURN
; end of _Lcd_Out
_Ltrim:
;__Lib_Conversions.c,372 :: 		
;__Lib_Conversions.c,376 :: 		
0x0185	0x1283      	BCF        STATUS, 5
0x0186	0x1303      	BCF        STATUS, 6
0x0187	0x01E8      	CLRF       Ltrim_trimmed_L0
0x0188	0x01E9      	CLRF       Ltrim_trimmed_L0+1
;__Lib_Conversions.c,377 :: 		
0x0189	0x0867      	MOVF       FARG_Ltrim_string, 0
0x018A	0x00F2      	MOVWF      R2
;__Lib_Conversions.c,378 :: 		
0x018B	0x0867      	MOVF       FARG_Ltrim_string, 0
0x018C	0x00F3      	MOVWF      R3
;__Lib_Conversions.c,379 :: 		
L_Ltrim70:
;__Lib_Conversions.c,380 :: 		
0x018D	0x0872      	MOVF       R2, 0
0x018E	0x0084      	MOVWF      FSR
0x018F	0x0800      	MOVF       INDF, 0
0x0190	0x3A20      	XORLW      32
0x0191	0x1D03      	BTFSS      STATUS, 2
0x0192	0x2998      	GOTO       L__Ltrim99
0x0193	0x0868      	MOVF       Ltrim_trimmed_L0, 0
0x0194	0x0469      	IORWF      Ltrim_trimmed_L0+1, 0
0x0195	0x1D03      	BTFSS      STATUS, 2
0x0196	0x2998      	GOTO       L__Ltrim99
0x0197	0x29A5      	GOTO       L_Ltrim75
L__Ltrim99:
;__Lib_Conversions.c,381 :: 		
0x0198	0x3001      	MOVLW      1
0x0199	0x00E8      	MOVWF      Ltrim_trimmed_L0
0x019A	0x3000      	MOVLW      0
0x019B	0x00E9      	MOVWF      Ltrim_trimmed_L0+1
;__Lib_Conversions.c,382 :: 		
0x019C	0x0872      	MOVF       R2, 0
0x019D	0x0084      	MOVWF      FSR
0x019E	0x0800      	MOVF       INDF, 0
0x019F	0x00F0      	MOVWF      R0
0x01A0	0x0873      	MOVF       R3, 0
0x01A1	0x0084      	MOVWF      FSR
0x01A2	0x0870      	MOVF       R0, 0
0x01A3	0x0080      	MOVWF      INDF
0x01A4	0x0AF3      	INCF       R3, 1
;__Lib_Conversions.c,383 :: 		
L_Ltrim75:
;__Lib_Conversions.c,385 :: 		
0x01A5	0x0872      	MOVF       R2, 0
0x01A6	0x00F1      	MOVWF      R1
0x01A7	0x0AF2      	INCF       R2, 1
0x01A8	0x0871      	MOVF       R1, 0
0x01A9	0x0084      	MOVWF      FSR
0x01AA	0x0800      	MOVF       INDF, 0
0x01AB	0x3A00      	XORLW      0
0x01AC	0x1D03      	BTFSS      STATUS, 2
0x01AD	0x298D      	GOTO       L_Ltrim70
;__Lib_Conversions.c,386 :: 		
0x01AE	0x0867      	MOVF       FARG_Ltrim_string, 0
0x01AF	0x00F0      	MOVWF      R0
;__Lib_Conversions.c,387 :: 		
L_end_Ltrim:
0x01B0	0x0008      	RETURN
; end of _Ltrim
_ADC_Read:
;__Lib_ADC_A_C.c,45 :: 		
;__Lib_ADC_A_C.c,47 :: 		
0x01B1	0x1283      	BCF        STATUS, 5
0x01B2	0x1303      	BCF        STATUS, 6
0x01B3	0x019F      	CLRF       ADCON0
;__Lib_ADC_A_C.c,48 :: 		
0x01B4	0x30C0      	MOVLW      192
0x01B5	0x049F      	IORWF      ADCON0, 1
;__Lib_ADC_A_C.c,49 :: 		
0x01B6	0x1683      	BSF        STATUS, 5
0x01B7	0x171F      	BSF        ADCON1, 6
;__Lib_ADC_A_C.c,50 :: 		
0x01B8	0x179F      	BSF        ADCON1, 7
;__Lib_ADC_A_C.c,51 :: 		
0x01B9	0x1283      	BCF        STATUS, 5
0x01BA	0x0867      	MOVF       FARG_ADC_Read_channel, 0
0x01BB	0x00F0      	MOVWF      R0
0x01BC	0x0DF0      	RLF        R0, 1
0x01BD	0x1070      	BCF        R0, 0
0x01BE	0x0DF0      	RLF        R0, 1
0x01BF	0x1070      	BCF        R0, 0
0x01C0	0x0DF0      	RLF        R0, 1
0x01C1	0x1070      	BCF        R0, 0
0x01C2	0x0870      	MOVF       R0, 0
0x01C3	0x049F      	IORWF      ADCON0, 1
;__Lib_ADC_A_C.c,54 :: 		
0x01C4	0x141F      	BSF        ADCON0, 0
;__Lib_ADC_A_C.c,57 :: 		
0x01C5	0x20CF      	CALL       _Delay_22us
;__Lib_ADC_A_C.c,60 :: 		
0x01C6	0x151F      	BSF        ADCON0, 2
;__Lib_ADC_A_C.c,63 :: 		
L_ADC_Read2:
0x01C7	0x1D1F      	BTFSS      ADCON0, 2
0x01C8	0x29CB      	GOTO       L_ADC_Read3
;__Lib_ADC_A_C.c,64 :: 		
0x01C9	0x0000      	NOP
0x01CA	0x29C7      	GOTO       L_ADC_Read2
L_ADC_Read3:
;__Lib_ADC_A_C.c,67 :: 		
0x01CB	0x101F      	BCF        ADCON0, 0
;__Lib_ADC_A_C.c,70 :: 		
0x01CC	0x081E      	MOVF       ADRESH, 0
0x01CD	0x00F1      	MOVWF      R0+1
0x01CE	0x01F0      	CLRF       R0
0x01CF	0x1683      	BSF        STATUS, 5
0x01D0	0x081E      	MOVF       ADRESL, 0
0x01D1	0x04F0      	IORWF      R0, 1
0x01D2	0x3000      	MOVLW      0
0x01D3	0x04F1      	IORWF      R0+1, 1
;__Lib_ADC_A_C.c,71 :: 		
L_end_ADC_Read:
0x01D4	0x0008      	RETURN
; end of _ADC_Read
_EEPROM_Write:
;__Lib_EEPROM.c,16 :: 		
;__Lib_EEPROM.c,20 :: 		
L_EEPROM_Write0:
0x01D5	0x1683      	BSF        STATUS, 5
0x01D6	0x1703      	BSF        STATUS, 6
0x01D7	0x1C8C      	BTFSS      EECON1, 1
0x01D8	0x29DB      	GOTO       L_EEPROM_Write1
0x01D9	0x0000      	NOP
0x01DA	0x29D5      	GOTO       L_EEPROM_Write0
L_EEPROM_Write1:
;__Lib_EEPROM.c,21 :: 		
0x01DB	0x1283      	BCF        STATUS, 5
0x01DC	0x1303      	BCF        STATUS, 6
0x01DD	0x0867      	MOVF       FARG_EEPROM_Write_Address, 0
0x01DE	0x1703      	BSF        STATUS, 6
0x01DF	0x008D      	MOVWF      EEADR
;__Lib_EEPROM.c,22 :: 		
0x01E0	0x1303      	BCF        STATUS, 6
0x01E1	0x0868      	MOVF       FARG_EEPROM_Write_data_, 0
0x01E2	0x1703      	BSF        STATUS, 6
0x01E3	0x008C      	MOVWF      EEDATA
;__Lib_EEPROM.c,23 :: 		
0x01E4	0x1683      	BSF        STATUS, 5
0x01E5	0x138C      	BCF        EECON1, 7
;__Lib_EEPROM.c,24 :: 		
0x01E6	0x150C      	BSF        EECON1, 2
;__Lib_EEPROM.c,26 :: 		
0x01E7	0x080B      	MOVF       INTCON, 0
0x01E8	0x00F0      	MOVWF      R0
;__Lib_EEPROM.c,29 :: 		
0x01E9	0x138B      	BCF        INTCON, 7
;__Lib_EEPROM.c,30 :: 		
0x01EA	0x3055      	MOVLW      85
0x01EB	0x008D      	MOVWF      EECON2
;__Lib_EEPROM.c,31 :: 		
0x01EC	0x30AA      	MOVLW      170
0x01ED	0x008D      	MOVWF      EECON2
;__Lib_EEPROM.c,32 :: 		
0x01EE	0x148C      	BSF        EECON1, 1
;__Lib_EEPROM.c,36 :: 		
0x01EF	0x1BF0      	BTFSC      R0, 7
0x01F0	0x29F3      	GOTO       L__EEPROM_Write4
0x01F1	0x138B      	BCF        INTCON, 7
0x01F2	0x29F4      	GOTO       L__EEPROM_Write5
L__EEPROM_Write4:
0x01F3	0x178B      	BSF        INTCON, 7
L__EEPROM_Write5:
;__Lib_EEPROM.c,37 :: 		
0x01F4	0x110C      	BCF        EECON1, 2
;__Lib_EEPROM.c,38 :: 		
L_end_EEPROM_Write:
0x01F5	0x0008      	RETURN
; end of _EEPROM_Write
_EEPROM_Read:
;__Lib_EEPROM.c,4 :: 		
;__Lib_EEPROM.c,5 :: 		
0x01F6	0x1283      	BCF        STATUS, 5
0x01F7	0x1303      	BCF        STATUS, 6
0x01F8	0x0867      	MOVF       FARG_EEPROM_Read_Address, 0
0x01F9	0x1703      	BSF        STATUS, 6
0x01FA	0x008D      	MOVWF      EEADR
;__Lib_EEPROM.c,6 :: 		
0x01FB	0x1683      	BSF        STATUS, 5
0x01FC	0x138C      	BCF        EECON1, 7
;__Lib_EEPROM.c,12 :: 		
0x01FD	0x140C      	BSF        EECON1, 0
;__Lib_EEPROM.c,13 :: 		
0x01FE	0x1283      	BCF        STATUS, 5
0x01FF	0x080C      	MOVF       EEDATA, 0
0x0200	0x00F0      	MOVWF      R0
;__Lib_EEPROM.c,14 :: 		
L_end_EEPROM_Read:
0x0201	0x0008      	RETURN
; end of _EEPROM_Read
_LightSet:
;MyProject.c,42 :: 		void LightSet(int countD){
;MyProject.c,43 :: 		if(countD<=0)
0x0202	0x3080      	MOVLW      128
0x0203	0x1283      	BCF        STATUS, 5
0x0204	0x1303      	BCF        STATUS, 6
0x0205	0x00F0      	MOVWF      R0
0x0206	0x3080      	MOVLW      128
0x0207	0x0668      	XORWF      FARG_LightSet_countD+1, 0
0x0208	0x0270      	SUBWF      R0, 0
0x0209	0x1D03      	BTFSS      STATUS, 2
0x020A	0x2A0D      	GOTO       L__LightSet45
0x020B	0x0867      	MOVF       FARG_LightSet_countD, 0
0x020C	0x3C00      	SUBLW      0
L__LightSet45:
0x020D	0x1C03      	BTFSS      STATUS, 0
0x020E	0x2A11      	GOTO       L_LightSet0
;MyProject.c,44 :: 		PORTD=0b00000000;
0x020F	0x0188      	CLRF       PORTD
0x0210	0x2A5E      	GOTO       L_LightSet1
L_LightSet0:
;MyProject.c,45 :: 		else if(countD>0 && countD<3)
0x0211	0x3080      	MOVLW      128
0x0212	0x00F0      	MOVWF      R0
0x0213	0x3080      	MOVLW      128
0x0214	0x0668      	XORWF      FARG_LightSet_countD+1, 0
0x0215	0x0270      	SUBWF      R0, 0
0x0216	0x1D03      	BTFSS      STATUS, 2
0x0217	0x2A1A      	GOTO       L__LightSet46
0x0218	0x0867      	MOVF       FARG_LightSet_countD, 0
0x0219	0x3C00      	SUBLW      0
L__LightSet46:
0x021A	0x1803      	BTFSC      STATUS, 0
0x021B	0x2A2A      	GOTO       L_LightSet4
0x021C	0x3080      	MOVLW      128
0x021D	0x0668      	XORWF      FARG_LightSet_countD+1, 0
0x021E	0x00F0      	MOVWF      R0
0x021F	0x3080      	MOVLW      128
0x0220	0x0270      	SUBWF      R0, 0
0x0221	0x1D03      	BTFSS      STATUS, 2
0x0222	0x2A25      	GOTO       L__LightSet47
0x0223	0x3003      	MOVLW      3
0x0224	0x0267      	SUBWF      FARG_LightSet_countD, 0
L__LightSet47:
0x0225	0x1803      	BTFSC      STATUS, 0
0x0226	0x2A2A      	GOTO       L_LightSet4
L__LightSet43:
;MyProject.c,46 :: 		PORTD=0b00000001;
0x0227	0x3001      	MOVLW      1
0x0228	0x0088      	MOVWF      PORTD
0x0229	0x2A5E      	GOTO       L_LightSet5
L_LightSet4:
;MyProject.c,47 :: 		else if(countD>=3 && countD<5)
0x022A	0x3080      	MOVLW      128
0x022B	0x0668      	XORWF      FARG_LightSet_countD+1, 0
0x022C	0x00F0      	MOVWF      R0
0x022D	0x3080      	MOVLW      128
0x022E	0x0270      	SUBWF      R0, 0
0x022F	0x1D03      	BTFSS      STATUS, 2
0x0230	0x2A33      	GOTO       L__LightSet48
0x0231	0x3003      	MOVLW      3
0x0232	0x0267      	SUBWF      FARG_LightSet_countD, 0
L__LightSet48:
0x0233	0x1C03      	BTFSS      STATUS, 0
0x0234	0x2A43      	GOTO       L_LightSet8
0x0235	0x3080      	MOVLW      128
0x0236	0x0668      	XORWF      FARG_LightSet_countD+1, 0
0x0237	0x00F0      	MOVWF      R0
0x0238	0x3080      	MOVLW      128
0x0239	0x0270      	SUBWF      R0, 0
0x023A	0x1D03      	BTFSS      STATUS, 2
0x023B	0x2A3E      	GOTO       L__LightSet49
0x023C	0x3005      	MOVLW      5
0x023D	0x0267      	SUBWF      FARG_LightSet_countD, 0
L__LightSet49:
0x023E	0x1803      	BTFSC      STATUS, 0
0x023F	0x2A43      	GOTO       L_LightSet8
L__LightSet42:
;MyProject.c,48 :: 		PORTD=0b00000111;
0x0240	0x3007      	MOVLW      7
0x0241	0x0088      	MOVWF      PORTD
0x0242	0x2A5E      	GOTO       L_LightSet9
L_LightSet8:
;MyProject.c,49 :: 		else if(countD>=5 && countD<10)
0x0243	0x3080      	MOVLW      128
0x0244	0x0668      	XORWF      FARG_LightSet_countD+1, 0
0x0245	0x00F0      	MOVWF      R0
0x0246	0x3080      	MOVLW      128
0x0247	0x0270      	SUBWF      R0, 0
0x0248	0x1D03      	BTFSS      STATUS, 2
0x0249	0x2A4C      	GOTO       L__LightSet50
0x024A	0x3005      	MOVLW      5
0x024B	0x0267      	SUBWF      FARG_LightSet_countD, 0
L__LightSet50:
0x024C	0x1C03      	BTFSS      STATUS, 0
0x024D	0x2A5C      	GOTO       L_LightSet12
0x024E	0x3080      	MOVLW      128
0x024F	0x0668      	XORWF      FARG_LightSet_countD+1, 0
0x0250	0x00F0      	MOVWF      R0
0x0251	0x3080      	MOVLW      128
0x0252	0x0270      	SUBWF      R0, 0
0x0253	0x1D03      	BTFSS      STATUS, 2
0x0254	0x2A57      	GOTO       L__LightSet51
0x0255	0x300A      	MOVLW      10
0x0256	0x0267      	SUBWF      FARG_LightSet_countD, 0
L__LightSet51:
0x0257	0x1803      	BTFSC      STATUS, 0
0x0258	0x2A5C      	GOTO       L_LightSet12
L__LightSet41:
;MyProject.c,50 :: 		PORTD=0b00111111;
0x0259	0x303F      	MOVLW      63
0x025A	0x0088      	MOVWF      PORTD
0x025B	0x2A5E      	GOTO       L_LightSet13
L_LightSet12:
;MyProject.c,52 :: 		PORTD=0b11111111;
0x025C	0x30FF      	MOVLW      255
0x025D	0x0088      	MOVWF      PORTD
L_LightSet13:
L_LightSet9:
L_LightSet5:
L_LightSet1:
;MyProject.c,53 :: 		}
L_end_LightSet:
0x025E	0x0008      	RETURN
; end of _LightSet
___CC2DW:
;__Lib_System.c,24 :: 		
;__Lib_System.c,27 :: 		
_CC2D_Loop1:
;__Lib_System.c,29 :: 		
0x025F	0x20C8      	CALL       _____DoICP
0x0260	0x118A      	BCF        PCLATH, 3
0x0261	0x120A      	BCF        PCLATH, 4
;__Lib_System.c,31 :: 		
0x0262	0x0080      	MOVWF      INDF
;__Lib_System.c,32 :: 		
0x0263	0x0A84      	INCF       FSR, 1
;__Lib_System.c,33 :: 		
0x0264	0x0AD9      	INCF       ___DoICPAddr, 1
;__Lib_System.c,35 :: 		
0x0265	0x1903      	BTFSC      STATUS, 2
;__Lib_System.c,36 :: 		
0x0266	0x0ADA      	INCF       ___DoICPAddr+1, 1
;__Lib_System.c,37 :: 		
0x0267	0x03F0      	DECF       R0, 1
;__Lib_System.c,39 :: 		
0x0268	0x1D03      	BTFSS      STATUS, 2
;__Lib_System.c,40 :: 		
0x0269	0x2A5F      	GOTO       _CC2D_Loop1
;__Lib_System.c,42 :: 		
L_end___CC2DW:
0x026A	0x0008      	RETURN
; end of ___CC2DW
_Lcd_Init:
;__Lib_Lcd.c,84 :: 		
;__Lib_Lcd.c,86 :: 		
0x026B	0x1683      	BSF        STATUS, 5
0x026C	0x1303      	BCF        STATUS, 6
0x026D	0x1187      	BCF        LCD_EN_Direction, BitPos(LCD_EN_Direction+0)
;__Lib_Lcd.c,87 :: 		
0x026E	0x1107      	BCF        LCD_RS_Direction, BitPos(LCD_RS_Direction+0)
;__Lib_Lcd.c,88 :: 		
0x026F	0x1207      	BCF        LCD_D4_Direction, BitPos(LCD_D4_Direction+0)
;__Lib_Lcd.c,89 :: 		
0x0270	0x1287      	BCF        LCD_D5_Direction, BitPos(LCD_D5_Direction+0)
;__Lib_Lcd.c,90 :: 		
0x0271	0x1307      	BCF        LCD_D6_Direction, BitPos(LCD_D6_Direction+0)
;__Lib_Lcd.c,91 :: 		
0x0272	0x1387      	BCF        LCD_D7_Direction, BitPos(LCD_D7_Direction+0)
;__Lib_Lcd.c,93 :: 		
0x0273	0x1283      	BCF        STATUS, 5
0x0274	0x1187      	BCF        LCD_EN, BitPos(LCD_EN+0)
;__Lib_Lcd.c,94 :: 		
0x0275	0x1107      	BCF        LCD_RS, BitPos(LCD_RS+0)
;__Lib_Lcd.c,95 :: 		
0x0276	0x1387      	BCF        LCD_D7, BitPos(LCD_D7+0)
;__Lib_Lcd.c,96 :: 		
0x0277	0x1307      	BCF        LCD_D6, BitPos(LCD_D6+0)
;__Lib_Lcd.c,97 :: 		
0x0278	0x1287      	BCF        LCD_D5, BitPos(LCD_D5+0)
;__Lib_Lcd.c,98 :: 		
0x0279	0x1207      	BCF        LCD_D4, BitPos(LCD_D4+0)
;__Lib_Lcd.c,100 :: 		
0x027A	0x2003      	CALL       _Delay_5500us
;__Lib_Lcd.c,101 :: 		
0x027B	0x2003      	CALL       _Delay_5500us
;__Lib_Lcd.c,102 :: 		
0x027C	0x2003      	CALL       _Delay_5500us
;__Lib_Lcd.c,105 :: 		
0x027D	0x1687      	BSF        LCD_D5, BitPos(LCD_D5+0)
;__Lib_Lcd.c,106 :: 		
0x027E	0x1607      	BSF        LCD_D4, BitPos(LCD_D4+0)
;__Lib_Lcd.c,107 :: 		
0x027F	0x1587      	BSF        LCD_EN, BitPos(LCD_EN+0)
;__Lib_Lcd.c,108 :: 		
0x0280	0x2017      	CALL       _Delay_1us
;__Lib_Lcd.c,109 :: 		
0x0281	0x1187      	BCF        LCD_EN, BitPos(LCD_EN+0)
;__Lib_Lcd.c,110 :: 		
0x0282	0x2003      	CALL       _Delay_5500us
;__Lib_Lcd.c,112 :: 		
0x0283	0x1587      	BSF        LCD_EN, BitPos(LCD_EN+0)
;__Lib_Lcd.c,113 :: 		
0x0284	0x2017      	CALL       _Delay_1us
;__Lib_Lcd.c,114 :: 		
0x0285	0x1187      	BCF        LCD_EN, BitPos(LCD_EN+0)
;__Lib_Lcd.c,115 :: 		
0x0286	0x2003      	CALL       _Delay_5500us
;__Lib_Lcd.c,117 :: 		
0x0287	0x1587      	BSF        LCD_EN, BitPos(LCD_EN+0)
;__Lib_Lcd.c,118 :: 		
0x0288	0x2017      	CALL       _Delay_1us
;__Lib_Lcd.c,119 :: 		
0x0289	0x1187      	BCF        LCD_EN, BitPos(LCD_EN+0)
;__Lib_Lcd.c,120 :: 		
0x028A	0x2003      	CALL       _Delay_5500us
;__Lib_Lcd.c,123 :: 		
0x028B	0x1207      	BCF        LCD_D4, BitPos(LCD_D4+0)
;__Lib_Lcd.c,124 :: 		
0x028C	0x1587      	BSF        LCD_EN, BitPos(LCD_EN+0)
;__Lib_Lcd.c,125 :: 		
0x028D	0x2017      	CALL       _Delay_1us
;__Lib_Lcd.c,126 :: 		
0x028E	0x1187      	BCF        LCD_EN, BitPos(LCD_EN+0)
;__Lib_Lcd.c,127 :: 		
0x028F	0x2003      	CALL       _Delay_5500us
;__Lib_Lcd.c,130 :: 		
0x0290	0x1587      	BSF        LCD_EN, BitPos(LCD_EN+0)
;__Lib_Lcd.c,131 :: 		
0x0291	0x2017      	CALL       _Delay_1us
;__Lib_Lcd.c,132 :: 		
0x0292	0x1187      	BCF        LCD_EN, BitPos(LCD_EN+0)
;__Lib_Lcd.c,134 :: 		
0x0293	0x1287      	BCF        LCD_D5, BitPos(LCD_D5+0)
;__Lib_Lcd.c,135 :: 		
0x0294	0x1787      	BSF        LCD_D7, BitPos(LCD_D7+0)
;__Lib_Lcd.c,136 :: 		
0x0295	0x1587      	BSF        LCD_EN, BitPos(LCD_EN+0)
;__Lib_Lcd.c,137 :: 		
0x0296	0x2017      	CALL       _Delay_1us
;__Lib_Lcd.c,138 :: 		
0x0297	0x1187      	BCF        LCD_EN, BitPos(LCD_EN+0)
;__Lib_Lcd.c,139 :: 		
0x0298	0x2003      	CALL       _Delay_5500us
;__Lib_Lcd.c,142 :: 		
0x0299	0x1387      	BCF        LCD_D7, BitPos(LCD_D7+0)
;__Lib_Lcd.c,143 :: 		
0x029A	0x1607      	BSF        LCD_D4, BitPos(LCD_D4+0)
;__Lib_Lcd.c,144 :: 		
0x029B	0x1587      	BSF        LCD_EN, BitPos(LCD_EN+0)
;__Lib_Lcd.c,145 :: 		
0x029C	0x2017      	CALL       _Delay_1us
;__Lib_Lcd.c,146 :: 		
0x029D	0x1187      	BCF        LCD_EN, BitPos(LCD_EN+0)
;__Lib_Lcd.c,148 :: 		
0x029E	0x1207      	BCF        LCD_D4, BitPos(LCD_D4+0)
;__Lib_Lcd.c,149 :: 		
0x029F	0x1587      	BSF        LCD_EN, BitPos(LCD_EN+0)
;__Lib_Lcd.c,150 :: 		
0x02A0	0x2017      	CALL       _Delay_1us
;__Lib_Lcd.c,151 :: 		
0x02A1	0x1187      	BCF        LCD_EN, BitPos(LCD_EN+0)
;__Lib_Lcd.c,152 :: 		
0x02A2	0x2003      	CALL       _Delay_5500us
;__Lib_Lcd.c,155 :: 		
0x02A3	0x1587      	BSF        LCD_EN, BitPos(LCD_EN+0)
;__Lib_Lcd.c,156 :: 		
0x02A4	0x2017      	CALL       _Delay_1us
;__Lib_Lcd.c,157 :: 		
0x02A5	0x1187      	BCF        LCD_EN, BitPos(LCD_EN+0)
;__Lib_Lcd.c,159 :: 		
0x02A6	0x1607      	BSF        LCD_D4, BitPos(LCD_D4+0)
;__Lib_Lcd.c,160 :: 		
0x02A7	0x1587      	BSF        LCD_EN, BitPos(LCD_EN+0)
;__Lib_Lcd.c,161 :: 		
0x02A8	0x2017      	CALL       _Delay_1us
;__Lib_Lcd.c,162 :: 		
0x02A9	0x1187      	BCF        LCD_EN, BitPos(LCD_EN+0)
;__Lib_Lcd.c,163 :: 		
0x02AA	0x2003      	CALL       _Delay_5500us
;__Lib_Lcd.c,166 :: 		
0x02AB	0x1207      	BCF        LCD_D4, BitPos(LCD_D4+0)
;__Lib_Lcd.c,167 :: 		
0x02AC	0x1587      	BSF        LCD_EN, BitPos(LCD_EN+0)
;__Lib_Lcd.c,168 :: 		
0x02AD	0x2017      	CALL       _Delay_1us
;__Lib_Lcd.c,169 :: 		
0x02AE	0x1187      	BCF        LCD_EN, BitPos(LCD_EN+0)
;__Lib_Lcd.c,171 :: 		
0x02AF	0x1787      	BSF        LCD_D7, BitPos(LCD_D7+0)
;__Lib_Lcd.c,172 :: 		
0x02B0	0x1707      	BSF        LCD_D6, BitPos(LCD_D6+0)
;__Lib_Lcd.c,173 :: 		
0x02B1	0x1687      	BSF        LCD_D5, BitPos(LCD_D5+0)
;__Lib_Lcd.c,174 :: 		
0x02B2	0x1607      	BSF        LCD_D4, BitPos(LCD_D4+0)
;__Lib_Lcd.c,175 :: 		
0x02B3	0x1587      	BSF        LCD_EN, BitPos(LCD_EN+0)
;__Lib_Lcd.c,176 :: 		
0x02B4	0x2017      	CALL       _Delay_1us
;__Lib_Lcd.c,177 :: 		
0x02B5	0x1187      	BCF        LCD_EN, BitPos(LCD_EN+0)
;__Lib_Lcd.c,179 :: 		
0x02B6	0x2003      	CALL       _Delay_5500us
;__Lib_Lcd.c,181 :: 		
0x02B7	0x1461      	BSF        __Lib_Lcd_cmd_status, BitPos(__Lib_Lcd_cmd_status+0)
;__Lib_Lcd.c,182 :: 		
L_end_Lcd_Init:
0x02B8	0x0008      	RETURN
; end of _Lcd_Init
_main:
0x02B9	0x2466      	CALL       1126
;MyProject.c,54 :: 		void main() {
;MyProject.c,55 :: 		ADCON1 = 0x80;
0x02BA	0x3080      	MOVLW      128
0x02BB	0x1683      	BSF        STATUS, 5
0x02BC	0x1303      	BCF        STATUS, 6
0x02BD	0x009F      	MOVWF      ADCON1
;MyProject.c,56 :: 		TRISA = 0xFF; // PORTA is input
0x02BE	0x30FF      	MOVLW      255
0x02BF	0x0085      	MOVWF      TRISA
;MyProject.c,57 :: 		TRISC = 0x3F; // Pins RC7, RC6 are outputs
0x02C0	0x303F      	MOVLW      63
0x02C1	0x0087      	MOVWF      TRISC
;MyProject.c,58 :: 		TRISB = 0b10000000;    // PORTB is output
0x02C2	0x3080      	MOVLW      128
0x02C3	0x0086      	MOVWF      TRISB
;MyProject.c,60 :: 		TRISB.F7 = 1;   //RB7 Reset input
0x02C4	0x1786      	BSF        TRISB, 7
;MyProject.c,61 :: 		TRISD = 0;    // PORTD is output
0x02C5	0x0188      	CLRF       TRISD
;MyProject.c,64 :: 		PORTD=0;
0x02C6	0x1283      	BCF        STATUS, 5
0x02C7	0x0188      	CLRF       PORTD
;MyProject.c,71 :: 		EEPROM_Write(0x02,5);           // Write some data at address 2
0x02C8	0x3002      	MOVLW      2
0x02C9	0x00E7      	MOVWF      FARG_EEPROM_Write_Address
0x02CA	0x3005      	MOVLW      5
0x02CB	0x00E8      	MOVWF      FARG_EEPROM_Write_data_
0x02CC	0x21D5      	CALL       _EEPROM_Write
;MyProject.c,72 :: 		Delay_ms(100);
0x02CD	0x3003      	MOVLW      3
0x02CE	0x00FB      	MOVWF      R11
0x02CF	0x308A      	MOVLW      138
0x02D0	0x00FC      	MOVWF      R12
0x02D1	0x3055      	MOVLW      85
0x02D2	0x00FD      	MOVWF      R13
L_main14:
0x02D3	0x0BFD      	DECFSZ     R13, 1
0x02D4	0x2AD3      	GOTO       L_main14
0x02D5	0x0BFC      	DECFSZ     R12, 1
0x02D6	0x2AD3      	GOTO       L_main14
0x02D7	0x0BFB      	DECFSZ     R11, 1
0x02D8	0x2AD3      	GOTO       L_main14
0x02D9	0x0000      	NOP
0x02DA	0x0000      	NOP
;MyProject.c,73 :: 		count = EEPROM_Read(0x02);      // Read data from address 2 and display it on PORTB
0x02DB	0x3002      	MOVLW      2
0x02DC	0x1283      	BCF        STATUS, 5
0x02DD	0x1303      	BCF        STATUS, 6
0x02DE	0x00E7      	MOVWF      FARG_EEPROM_Read_Address
0x02DF	0x21F6      	CALL       _EEPROM_Read
0x02E0	0x0870      	MOVF       R0, 0
0x02E1	0x1303      	BCF        STATUS, 6
0x02E2	0x00D7      	MOVWF      _count
;MyProject.c,76 :: 		Lcd_Init();                      // Initialize LCD
0x02E3	0x226B      	CALL       _Lcd_Init
;MyProject.c,77 :: 		Lcd_Cmd(_LCD_CLEAR);             // CLEAR display
0x02E4	0x3001      	MOVLW      1
0x02E5	0x1683      	BSF        STATUS, 5
0x02E6	0x00A3      	MOVWF      FARG_Lcd_Cmd_out_char
0x02E7	0x202E      	CALL       _Lcd_Cmd
;MyProject.c,78 :: 		Lcd_Cmd(_LCD_CURSOR_OFF);        // Cursor off
0x02E8	0x300C      	MOVLW      12
0x02E9	0x1683      	BSF        STATUS, 5
0x02EA	0x00A3      	MOVWF      FARG_Lcd_Cmd_out_char
0x02EB	0x202E      	CALL       _Lcd_Cmd
;MyProject.c,81 :: 		read = EEPROM_Read(0x11);             // Read data from EEPROM and store in count
0x02EC	0x3011      	MOVLW      17
0x02ED	0x00E7      	MOVWF      FARG_EEPROM_Read_Address
0x02EE	0x21F6      	CALL       _EEPROM_Read
0x02EF	0x0870      	MOVF       R0, 0
0x02F0	0x1303      	BCF        STATUS, 6
0x02F1	0x00D8      	MOVWF      _read
;MyProject.c,82 :: 		if(read>0){
0x02F2	0x0870      	MOVF       R0, 0
0x02F3	0x3C00      	SUBLW      0
0x02F4	0x1803      	BTFSC      STATUS, 0
0x02F5	0x2AFC      	GOTO       L_main15
;MyProject.c,83 :: 		count=read;
0x02F6	0x0858      	MOVF       _read, 0
0x02F7	0x00D7      	MOVWF      _count
;MyProject.c,84 :: 		countD=count;
0x02F8	0x0858      	MOVF       _read, 0
0x02F9	0x00A0      	MOVWF      _countD
0x02FA	0x01A1      	CLRF       _countD+1
;MyProject.c,85 :: 		}
0x02FB	0x2B00      	GOTO       L_main16
L_main15:
;MyProject.c,87 :: 		count=0;
0x02FC	0x01D7      	CLRF       _count
;MyProject.c,88 :: 		PORTD=0;
0x02FD	0x0188      	CLRF       PORTD
;MyProject.c,89 :: 		countD=count;
0x02FE	0x01A0      	CLRF       _countD
0x02FF	0x01A1      	CLRF       _countD+1
;MyProject.c,90 :: 		}
L_main16:
;MyProject.c,95 :: 		do {
L_main17:
0x0300	0x1283      	BCF        STATUS, 5
0x0301	0x1303      	BCF        STATUS, 6
;MyProject.c,97 :: 		adc = ADC_Read(1); // Get 10-bit results of AD conversion
0x0302	0x3001      	MOVLW      1
0x0303	0x00E7      	MOVWF      FARG_ADC_Read_channel
0x0304	0x21B1      	CALL       _ADC_Read
0x0305	0x0870      	MOVF       R0, 0
0x0306	0x1283      	BCF        STATUS, 5
0x0307	0x00E4      	MOVWF      _adc
0x0308	0x0871      	MOVF       R0+1, 0
0x0309	0x00E5      	MOVWF      _adc+1
;MyProject.c,98 :: 		adc2 = ADC_Read(2);
0x030A	0x3002      	MOVLW      2
0x030B	0x00E7      	MOVWF      FARG_ADC_Read_channel
0x030C	0x21B1      	CALL       _ADC_Read
0x030D	0x0870      	MOVF       R0, 0
0x030E	0x1283      	BCF        STATUS, 5
0x030F	0x00E2      	MOVWF      _adc2
0x0310	0x0871      	MOVF       R0+1, 0
0x0311	0x00E3      	MOVWF      _adc2+1
;MyProject.c,103 :: 		if(adc>400){
0x0312	0x0865      	MOVF       _adc+1, 0
0x0313	0x3C01      	SUBLW      1
0x0314	0x1D03      	BTFSS      STATUS, 2
0x0315	0x2B18      	GOTO       L__main53
0x0316	0x0864      	MOVF       _adc, 0
0x0317	0x3C90      	SUBLW      144
L__main53:
0x0318	0x1803      	BTFSC      STATUS, 0
0x0319	0x2B5E      	GOTO       L_main20
;MyProject.c,104 :: 		count++;
0x031A	0x0AD7      	INCF       _count, 1
;MyProject.c,105 :: 		Lcd_Cmd(_LCD_CLEAR);
0x031B	0x3001      	MOVLW      1
0x031C	0x1683      	BSF        STATUS, 5
0x031D	0x00A3      	MOVWF      FARG_Lcd_Cmd_out_char
0x031E	0x202E      	CALL       _Lcd_Cmd
;MyProject.c,106 :: 		Lcd_Out(1,1,"Entered ");
0x031F	0x3001      	MOVLW      1
0x0320	0x00E7      	MOVWF      FARG_Lcd_Out_row
0x0321	0x3001      	MOVLW      1
0x0322	0x00E8      	MOVWF      FARG_Lcd_Out_column
0x0323	0x3048      	MOVLW      ?lstr1_MyProject
0x0324	0x00E9      	MOVWF      FARG_Lcd_Out_text
0x0325	0x2144      	CALL       _Lcd_Out
;MyProject.c,107 :: 		PORTB= 0b00100000;
0x0326	0x3020      	MOVLW      32
0x0327	0x0086      	MOVWF      PORTB
;MyProject.c,108 :: 		Delay_ms(50);
0x0328	0x3002      	MOVLW      2
0x0329	0x00FB      	MOVWF      R11
0x032A	0x3045      	MOVLW      69
0x032B	0x00FC      	MOVWF      R12
0x032C	0x30A9      	MOVLW      169
0x032D	0x00FD      	MOVWF      R13
L_main21:
0x032E	0x0BFD      	DECFSZ     R13, 1
0x032F	0x2B2E      	GOTO       L_main21
0x0330	0x0BFC      	DECFSZ     R12, 1
0x0331	0x2B2E      	GOTO       L_main21
0x0332	0x0BFB      	DECFSZ     R11, 1
0x0333	0x2B2E      	GOTO       L_main21
0x0334	0x0000      	NOP
0x0335	0x0000      	NOP
;MyProject.c,109 :: 		PORTB= 0b01000000;
0x0336	0x3040      	MOVLW      64
0x0337	0x0086      	MOVWF      PORTB
;MyProject.c,111 :: 		countD++;
0x0338	0x0AA0      	INCF       _countD, 1
0x0339	0x1903      	BTFSC      STATUS, 2
0x033A	0x0AA1      	INCF       _countD+1, 1
;MyProject.c,112 :: 		for(i=0; i<4; i++) {               // Move text to the right 4 times
0x033B	0x01E6      	CLRF       _i
L_main22:
0x033C	0x3004      	MOVLW      4
0x033D	0x0266      	SUBWF      _i, 0
0x033E	0x1803      	BTFSC      STATUS, 0
0x033F	0x2B53      	GOTO       L_main23
;MyProject.c,113 :: 		Lcd_Cmd(_LCD_SHIFT_RIGHT);
0x0340	0x301C      	MOVLW      28
0x0341	0x1683      	BSF        STATUS, 5
0x0342	0x00A3      	MOVWF      FARG_Lcd_Cmd_out_char
0x0343	0x202E      	CALL       _Lcd_Cmd
;MyProject.c,114 :: 		Delay_ms(500);
0x0344	0x300D      	MOVLW      13
0x0345	0x00FB      	MOVWF      R11
0x0346	0x30AF      	MOVLW      175
0x0347	0x00FC      	MOVWF      R12
0x0348	0x30B6      	MOVLW      182
0x0349	0x00FD      	MOVWF      R13
L_main25:
0x034A	0x0BFD      	DECFSZ     R13, 1
0x034B	0x2B4A      	GOTO       L_main25
0x034C	0x0BFC      	DECFSZ     R12, 1
0x034D	0x2B4A      	GOTO       L_main25
0x034E	0x0BFB      	DECFSZ     R11, 1
0x034F	0x2B4A      	GOTO       L_main25
0x0350	0x0000      	NOP
;MyProject.c,112 :: 		for(i=0; i<4; i++) {               // Move text to the right 4 times
0x0351	0x0AE6      	INCF       _i, 1
;MyProject.c,115 :: 		}
0x0352	0x2B3C      	GOTO       L_main22
L_main23:
;MyProject.c,116 :: 		Lcd_Cmd(_LCD_CLEAR);
0x0353	0x3001      	MOVLW      1
0x0354	0x1683      	BSF        STATUS, 5
0x0355	0x00A3      	MOVWF      FARG_Lcd_Cmd_out_char
0x0356	0x202E      	CALL       _Lcd_Cmd
;MyProject.c,117 :: 		PORTB= 0b00000000;
0x0357	0x0186      	CLRF       PORTB
;MyProject.c,119 :: 		LightSet(countD);
0x0358	0x0820      	MOVF       _countD, 0
0x0359	0x00E7      	MOVWF      FARG_LightSet_countD
0x035A	0x0821      	MOVF       _countD+1, 0
0x035B	0x00E8      	MOVWF      FARG_LightSet_countD+1
0x035C	0x2202      	CALL       _LightSet
;MyProject.c,120 :: 		}
0x035D	0x2BC3      	GOTO       L_main26
L_main20:
;MyProject.c,121 :: 		else if(adc2>400){
0x035E	0x0863      	MOVF       _adc2+1, 0
0x035F	0x3C01      	SUBLW      1
0x0360	0x1D03      	BTFSS      STATUS, 2
0x0361	0x2B64      	GOTO       L__main54
0x0362	0x0862      	MOVF       _adc2, 0
0x0363	0x3C90      	SUBLW      144
L__main54:
0x0364	0x1803      	BTFSC      STATUS, 0
0x0365	0x2BC3      	GOTO       L_main27
;MyProject.c,122 :: 		if(count<=0){
0x0366	0x0857      	MOVF       _count, 0
0x0367	0x3C00      	SUBLW      0
0x0368	0x1C03      	BTFSS      STATUS, 0
0x0369	0x2B7F      	GOTO       L_main28
;MyProject.c,123 :: 		count =0;
0x036A	0x01D7      	CLRF       _count
;MyProject.c,124 :: 		Delay_ms(800);
0x036B	0x3015      	MOVLW      21
0x036C	0x00FB      	MOVWF      R11
0x036D	0x304B      	MOVLW      75
0x036E	0x00FC      	MOVWF      R12
0x036F	0x30BE      	MOVLW      190
0x0370	0x00FD      	MOVWF      R13
L_main29:
0x0371	0x0BFD      	DECFSZ     R13, 1
0x0372	0x2B71      	GOTO       L_main29
0x0373	0x0BFC      	DECFSZ     R12, 1
0x0374	0x2B71      	GOTO       L_main29
0x0375	0x0BFB      	DECFSZ     R11, 1
0x0376	0x2B71      	GOTO       L_main29
0x0377	0x0000      	NOP
;MyProject.c,125 :: 		PORTD=0;
0x0378	0x0188      	CLRF       PORTD
;MyProject.c,126 :: 		countD=0;
0x0379	0x01A0      	CLRF       _countD
0x037A	0x01A1      	CLRF       _countD+1
;MyProject.c,127 :: 		LightSet(countD);
0x037B	0x01E7      	CLRF       FARG_LightSet_countD
0x037C	0x01E8      	CLRF       FARG_LightSet_countD+1
0x037D	0x2202      	CALL       _LightSet
;MyProject.c,128 :: 		}
0x037E	0x2BB9      	GOTO       L_main30
L_main28:
;MyProject.c,130 :: 		PORTB= 0b00100000;
0x037F	0x3020      	MOVLW      32
0x0380	0x0086      	MOVWF      PORTB
;MyProject.c,131 :: 		Delay_ms(50);
0x0381	0x3002      	MOVLW      2
0x0382	0x00FB      	MOVWF      R11
0x0383	0x3045      	MOVLW      69
0x0384	0x00FC      	MOVWF      R12
0x0385	0x30A9      	MOVLW      169
0x0386	0x00FD      	MOVWF      R13
L_main31:
0x0387	0x0BFD      	DECFSZ     R13, 1
0x0388	0x2B87      	GOTO       L_main31
0x0389	0x0BFC      	DECFSZ     R12, 1
0x038A	0x2B87      	GOTO       L_main31
0x038B	0x0BFB      	DECFSZ     R11, 1
0x038C	0x2B87      	GOTO       L_main31
0x038D	0x0000      	NOP
0x038E	0x0000      	NOP
;MyProject.c,132 :: 		PORTB= 0b00010000;
0x038F	0x3010      	MOVLW      16
0x0390	0x0086      	MOVWF      PORTB
;MyProject.c,133 :: 		count--;
0x0391	0x03D7      	DECF       _count, 1
;MyProject.c,134 :: 		countD--;
0x0392	0x3001      	MOVLW      1
0x0393	0x02A0      	SUBWF      _countD, 1
0x0394	0x1C03      	BTFSS      STATUS, 0
0x0395	0x03A1      	DECF       _countD+1, 1
;MyProject.c,136 :: 		Lcd_Cmd(_LCD_CLEAR);
0x0396	0x3001      	MOVLW      1
0x0397	0x1683      	BSF        STATUS, 5
0x0398	0x00A3      	MOVWF      FARG_Lcd_Cmd_out_char
0x0399	0x202E      	CALL       _Lcd_Cmd
;MyProject.c,137 :: 		Lcd_Out(1,1,"Left ");
0x039A	0x3001      	MOVLW      1
0x039B	0x00E7      	MOVWF      FARG_Lcd_Out_row
0x039C	0x3001      	MOVLW      1
0x039D	0x00E8      	MOVWF      FARG_Lcd_Out_column
0x039E	0x3051      	MOVLW      ?lstr2_MyProject
0x039F	0x00E9      	MOVWF      FARG_Lcd_Out_text
0x03A0	0x2144      	CALL       _Lcd_Out
;MyProject.c,138 :: 		for(i=0; i<4; i++) {               // Move text to the right 4 times
0x03A1	0x01E6      	CLRF       _i
L_main32:
0x03A2	0x3004      	MOVLW      4
0x03A3	0x0266      	SUBWF      _i, 0
0x03A4	0x1803      	BTFSC      STATUS, 0
0x03A5	0x2BB9      	GOTO       L_main33
;MyProject.c,139 :: 		Lcd_Cmd(_LCD_SHIFT_RIGHT);
0x03A6	0x301C      	MOVLW      28
0x03A7	0x1683      	BSF        STATUS, 5
0x03A8	0x00A3      	MOVWF      FARG_Lcd_Cmd_out_char
0x03A9	0x202E      	CALL       _Lcd_Cmd
;MyProject.c,140 :: 		Delay_ms(500);
0x03AA	0x300D      	MOVLW      13
0x03AB	0x00FB      	MOVWF      R11
0x03AC	0x30AF      	MOVLW      175
0x03AD	0x00FC      	MOVWF      R12
0x03AE	0x30B6      	MOVLW      182
0x03AF	0x00FD      	MOVWF      R13
L_main35:
0x03B0	0x0BFD      	DECFSZ     R13, 1
0x03B1	0x2BB0      	GOTO       L_main35
0x03B2	0x0BFC      	DECFSZ     R12, 1
0x03B3	0x2BB0      	GOTO       L_main35
0x03B4	0x0BFB      	DECFSZ     R11, 1
0x03B5	0x2BB0      	GOTO       L_main35
0x03B6	0x0000      	NOP
;MyProject.c,138 :: 		for(i=0; i<4; i++) {               // Move text to the right 4 times
0x03B7	0x0AE6      	INCF       _i, 1
;MyProject.c,141 :: 		}
0x03B8	0x2BA2      	GOTO       L_main32
L_main33:
;MyProject.c,142 :: 		}
L_main30:
;MyProject.c,143 :: 		Lcd_Cmd(_LCD_CLEAR);
0x03B9	0x3001      	MOVLW      1
0x03BA	0x1683      	BSF        STATUS, 5
0x03BB	0x00A3      	MOVWF      FARG_Lcd_Cmd_out_char
0x03BC	0x202E      	CALL       _Lcd_Cmd
;MyProject.c,144 :: 		PORTB= 0b00000000;
0x03BD	0x0186      	CLRF       PORTB
;MyProject.c,145 :: 		LightSet(countD);
0x03BE	0x0820      	MOVF       _countD, 0
0x03BF	0x00E7      	MOVWF      FARG_LightSet_countD
0x03C0	0x0821      	MOVF       _countD+1, 0
0x03C1	0x00E8      	MOVWF      FARG_LightSet_countD+1
0x03C2	0x2202      	CALL       _LightSet
;MyProject.c,146 :: 		}
L_main27:
L_main26:
;MyProject.c,147 :: 		LightSet(countD);
0x03C3	0x0820      	MOVF       _countD, 0
0x03C4	0x00E7      	MOVWF      FARG_LightSet_countD
0x03C5	0x0821      	MOVF       _countD+1, 0
0x03C6	0x00E8      	MOVWF      FARG_LightSet_countD+1
0x03C7	0x2202      	CALL       _LightSet
;MyProject.c,148 :: 		Lcd_Out(1,1,"Counter System");
0x03C8	0x3001      	MOVLW      1
0x03C9	0x00E7      	MOVWF      FARG_Lcd_Out_row
0x03CA	0x3001      	MOVLW      1
0x03CB	0x00E8      	MOVWF      FARG_Lcd_Out_column
0x03CC	0x3039      	MOVLW      ?lstr3_MyProject
0x03CD	0x00E9      	MOVWF      FARG_Lcd_Out_text
0x03CE	0x2144      	CALL       _Lcd_Out
;MyProject.c,149 :: 		Lcd_Out(2,1,"Counter=");
0x03CF	0x3002      	MOVLW      2
0x03D0	0x00E7      	MOVWF      FARG_Lcd_Out_row
0x03D1	0x3001      	MOVLW      1
0x03D2	0x00E8      	MOVWF      FARG_Lcd_Out_column
0x03D3	0x3022      	MOVLW      ?lstr4_MyProject
0x03D4	0x00E9      	MOVWF      FARG_Lcd_Out_text
0x03D5	0x2144      	CALL       _Lcd_Out
;MyProject.c,150 :: 		ShortToStr(count, counterArray);    //convert int to string
0x03D6	0x0857      	MOVF       _count, 0
0x03D7	0x00E7      	MOVWF      FARG_ShortToStr_input
0x03D8	0x305B      	MOVLW      _counterArray
0x03D9	0x00E8      	MOVWF      FARG_ShortToStr_output
0x03DA	0x20D7      	CALL       _ShortToStr
;MyProject.c,151 :: 		t = Ltrim(counterArray);            //trim Leading Spaces
0x03DB	0x305B      	MOVLW      _counterArray
0x03DC	0x00E7      	MOVWF      FARG_Ltrim_string
0x03DD	0x2185      	CALL       _Ltrim
0x03DE	0x0870      	MOVF       R0, 0
0x03DF	0x00E0      	MOVWF      _t
;MyProject.c,152 :: 		Lcd_Out(2,9,t);
0x03E0	0x3002      	MOVLW      2
0x03E1	0x00E7      	MOVWF      FARG_Lcd_Out_row
0x03E2	0x3009      	MOVLW      9
0x03E3	0x00E8      	MOVWF      FARG_Lcd_Out_column
0x03E4	0x0870      	MOVF       R0, 0
0x03E5	0x00E9      	MOVWF      FARG_Lcd_Out_text
0x03E6	0x2144      	CALL       _Lcd_Out
;MyProject.c,156 :: 		if(PORTB.F7 == 0)   //If the switch is pressed reset counter
0x03E7	0x1B86      	BTFSC      PORTB, 7
0x03E8	0x2C15      	GOTO       L_main36
;MyProject.c,158 :: 		Delay_ms(100);    //Switch Debounce
0x03E9	0x3003      	MOVLW      3
0x03EA	0x00FB      	MOVWF      R11
0x03EB	0x308A      	MOVLW      138
0x03EC	0x00FC      	MOVWF      R12
0x03ED	0x3055      	MOVLW      85
0x03EE	0x00FD      	MOVWF      R13
L_main37:
0x03EF	0x0BFD      	DECFSZ     R13, 1
0x03F0	0x2BEF      	GOTO       L_main37
0x03F1	0x0BFC      	DECFSZ     R12, 1
0x03F2	0x2BEF      	GOTO       L_main37
0x03F3	0x0BFB      	DECFSZ     R11, 1
0x03F4	0x2BEF      	GOTO       L_main37
0x03F5	0x0000      	NOP
0x03F6	0x0000      	NOP
;MyProject.c,159 :: 		if(PORTB.F7 == 0)//If the switch is still pressed
0x03F7	0x1B86      	BTFSC      PORTB, 7
0x03F8	0x2C15      	GOTO       L_main38
;MyProject.c,161 :: 		Lcd_Cmd(_LCD_CLEAR);
0x03F9	0x3001      	MOVLW      1
0x03FA	0x1683      	BSF        STATUS, 5
0x03FB	0x00A3      	MOVWF      FARG_Lcd_Cmd_out_char
0x03FC	0x202E      	CALL       _Lcd_Cmd
;MyProject.c,162 :: 		Delay_ms(100); //1 Second Delay
0x03FD	0x3003      	MOVLW      3
0x03FE	0x00FB      	MOVWF      R11
0x03FF	0x308A      	MOVLW      138
0x0400	0x00FC      	MOVWF      R12
0x0401	0x3055      	MOVLW      85
0x0402	0x00FD      	MOVWF      R13
L_main39:
0x0403	0x0BFD      	DECFSZ     R13, 1
0x0404	0x2C03      	GOTO       L_main39
0x0405	0x0BFC      	DECFSZ     R12, 1
0x0406	0x2C03      	GOTO       L_main39
0x0407	0x0BFB      	DECFSZ     R11, 1
0x0408	0x2C03      	GOTO       L_main39
0x0409	0x0000      	NOP
0x040A	0x0000      	NOP
;MyProject.c,163 :: 		Lcd_Out(1,1,"Counter Reset");
0x040B	0x3001      	MOVLW      1
0x040C	0x00E7      	MOVWF      FARG_Lcd_Out_row
0x040D	0x3001      	MOVLW      1
0x040E	0x00E8      	MOVWF      FARG_Lcd_Out_column
0x040F	0x302B      	MOVLW      ?lstr5_MyProject
0x0410	0x00E9      	MOVWF      FARG_Lcd_Out_text
0x0411	0x2144      	CALL       _Lcd_Out
;MyProject.c,164 :: 		count=0;
0x0412	0x01D7      	CLRF       _count
;MyProject.c,165 :: 		countD=0;
0x0413	0x01A0      	CLRF       _countD
0x0414	0x01A1      	CLRF       _countD+1
;MyProject.c,166 :: 		}
L_main38:
;MyProject.c,167 :: 		}
L_main36:
;MyProject.c,171 :: 		Delay_ms(200);
0x0415	0x3006      	MOVLW      6
0x0416	0x00FB      	MOVWF      R11
0x0417	0x3013      	MOVLW      19
0x0418	0x00FC      	MOVWF      R12
0x0419	0x30AD      	MOVLW      173
0x041A	0x00FD      	MOVWF      R13
L_main40:
0x041B	0x0BFD      	DECFSZ     R13, 1
0x041C	0x2C1B      	GOTO       L_main40
0x041D	0x0BFC      	DECFSZ     R12, 1
0x041E	0x2C1B      	GOTO       L_main40
0x041F	0x0BFB      	DECFSZ     R11, 1
0x0420	0x2C1B      	GOTO       L_main40
0x0421	0x0000      	NOP
0x0422	0x0000      	NOP
;MyProject.c,173 :: 		EEPROM_Write(0x11,count);               // Write some data at EEPROM
0x0423	0x3011      	MOVLW      17
0x0424	0x00E7      	MOVWF      FARG_EEPROM_Write_Address
0x0425	0x0857      	MOVF       _count, 0
0x0426	0x00E8      	MOVWF      FARG_EEPROM_Write_data_
0x0427	0x21D5      	CALL       _EEPROM_Write
;MyProject.c,175 :: 		} while(1);
0x0428	0x2B00      	GOTO       L_main17
;MyProject.c,176 :: 		}
L_end_main:
0x0429	0x2C29      	GOTO       $+0
; end of _main
0x0466	0x3020      	MOVLW      32
0x0467	0x0084      	MOVWF      FSR
0x0468	0x3037      	MOVLW      55
0x0469	0x1283      	BCF        STATUS, 5
0x046A	0x1303      	BCF        STATUS, 6
0x046B	0x00F0      	MOVWF      R0
0x046C	0x302F      	MOVLW      47
0x046D	0x00D9      	MOVWF      ___DoICPAddr
0x046E	0x3004      	MOVLW      4
0x046F	0x00DA      	MOVWF      90
0x0470	0x225F      	CALL       607
0x0471	0x0008      	RETURN
;MyProject.c,0 :: ?ICS_countD
0x042F	0x3400 ;?ICS_countD+0
0x0430	0x3400 ;?ICS_countD+1
; end of ?ICS_countD
;MyProject.c,0 :: ?ICS?lstr4_MyProject
0x0431	0x3443 ;?ICS?lstr4_MyProject+0
0x0432	0x346F ;?ICS?lstr4_MyProject+1
0x0433	0x3475 ;?ICS?lstr4_MyProject+2
0x0434	0x346E ;?ICS?lstr4_MyProject+3
0x0435	0x3474 ;?ICS?lstr4_MyProject+4
0x0436	0x3465 ;?ICS?lstr4_MyProject+5
0x0437	0x3472 ;?ICS?lstr4_MyProject+6
0x0438	0x343D ;?ICS?lstr4_MyProject+7
0x0439	0x3400 ;?ICS?lstr4_MyProject+8
; end of ?ICS?lstr4_MyProject
;MyProject.c,0 :: ?ICS?lstr5_MyProject
0x043A	0x3443 ;?ICS?lstr5_MyProject+0
0x043B	0x346F ;?ICS?lstr5_MyProject+1
0x043C	0x3475 ;?ICS?lstr5_MyProject+2
0x043D	0x346E ;?ICS?lstr5_MyProject+3
0x043E	0x3474 ;?ICS?lstr5_MyProject+4
0x043F	0x3465 ;?ICS?lstr5_MyProject+5
0x0440	0x3472 ;?ICS?lstr5_MyProject+6
0x0441	0x3420 ;?ICS?lstr5_MyProject+7
0x0442	0x3452 ;?ICS?lstr5_MyProject+8
0x0443	0x3465 ;?ICS?lstr5_MyProject+9
0x0444	0x3473 ;?ICS?lstr5_MyProject+10
0x0445	0x3465 ;?ICS?lstr5_MyProject+11
0x0446	0x3474 ;?ICS?lstr5_MyProject+12
0x0447	0x3400 ;?ICS?lstr5_MyProject+13
; end of ?ICS?lstr5_MyProject
;MyProject.c,0 :: ?ICS?lstr3_MyProject
0x0448	0x3443 ;?ICS?lstr3_MyProject+0
0x0449	0x346F ;?ICS?lstr3_MyProject+1
0x044A	0x3475 ;?ICS?lstr3_MyProject+2
0x044B	0x346E ;?ICS?lstr3_MyProject+3
0x044C	0x3474 ;?ICS?lstr3_MyProject+4
0x044D	0x3465 ;?ICS?lstr3_MyProject+5
0x044E	0x3472 ;?ICS?lstr3_MyProject+6
0x044F	0x3420 ;?ICS?lstr3_MyProject+7
0x0450	0x3453 ;?ICS?lstr3_MyProject+8
0x0451	0x3479 ;?ICS?lstr3_MyProject+9
0x0452	0x3473 ;?ICS?lstr3_MyProject+10
0x0453	0x3474 ;?ICS?lstr3_MyProject+11
0x0454	0x3465 ;?ICS?lstr3_MyProject+12
0x0455	0x346D ;?ICS?lstr3_MyProject+13
0x0456	0x3400 ;?ICS?lstr3_MyProject+14
; end of ?ICS?lstr3_MyProject
;MyProject.c,0 :: ?ICS?lstr1_MyProject
0x0457	0x3445 ;?ICS?lstr1_MyProject+0
0x0458	0x346E ;?ICS?lstr1_MyProject+1
0x0459	0x3474 ;?ICS?lstr1_MyProject+2
0x045A	0x3465 ;?ICS?lstr1_MyProject+3
0x045B	0x3472 ;?ICS?lstr1_MyProject+4
0x045C	0x3465 ;?ICS?lstr1_MyProject+5
0x045D	0x3464 ;?ICS?lstr1_MyProject+6
0x045E	0x3420 ;?ICS?lstr1_MyProject+7
0x045F	0x3400 ;?ICS?lstr1_MyProject+8
; end of ?ICS?lstr1_MyProject
;MyProject.c,0 :: ?ICS?lstr2_MyProject
0x0460	0x344C ;?ICS?lstr2_MyProject+0
0x0461	0x3465 ;?ICS?lstr2_MyProject+1
0x0462	0x3466 ;?ICS?lstr2_MyProject+2
0x0463	0x3474 ;?ICS?lstr2_MyProject+3
0x0464	0x3420 ;?ICS?lstr2_MyProject+4
0x0465	0x3400 ;?ICS?lstr2_MyProject+5
; end of ?ICS?lstr2_MyProject
Symbol List:
//** Routines locations **
//ADDRESS    SIZE    PROCEDURE
//----------------------------------------------
0x0003      [13]    _Delay_5500us
0x0010       [7]    _Delay_50us
0x0017       [6]    _Delay_1us
0x001D      [17]    _Div_8x8_U
0x002E      [87]    _Lcd_Cmd
0x0085       [9]    _Lcd_Chr_CP
0x008E      [58]    _ByteToStr
0x00C8       [7]    _____DoICP
0x00CF       [8]    _Delay_22us
0x00D7     [109]    _ShortToStr
0x0144      [65]    _Lcd_Out
0x0185      [44]    _Ltrim
0x01B1      [36]    _ADC_Read
0x01D5      [33]    _EEPROM_Write
0x01F6      [12]    _EEPROM_Read
0x0202      [93]    _LightSet
0x025F      [12]    ___CC2DW
0x026B      [78]    _Lcd_Init
0x02B9     [368]    _main
//** Variables locations ** 
//ADDRESS    SIZE    VARIABLE
//----------------------------------------------
0x0000       [1]    INDF
0x0002       [1]    PCL
0x0003       [1]    STATUS
0x0004       [1]    FSR
0x0005       [1]    PORTA
0x0006       [1]    PORTB
0x0007       [0]    RC4_bit
0x0007       [0]    LCD_D5
0x0007       [0]    RC5_bit
0x0007       [0]    RC7_bit
0x0007       [0]    RC6_bit
0x0007       [0]    RC3_bit
0x0007       [1]    PORTC
0x0007       [0]    LCD_D6
0x0007       [0]    RC2_bit
0x0007       [0]    LCD_D4
0x0007       [0]    LCD_RS
0x0007       [0]    LCD_EN
0x0007       [0]    LCD_D7
0x0008       [1]    PORTD
0x0009       [1]    PORTE
0x000A       [1]    PCLATH
0x000B       [1]    INTCON
0x000C       [1]    PIR1
0x000D       [1]    PIR2
0x0010       [1]    T1CON
0x0012       [1]    T2CON
0x0014       [1]    SSPCON
0x0017       [1]    CCP1CON
0x0018       [1]    RCSTA
0x001D       [1]    CCP2CON
0x001E       [1]    ADRESH
0x001F       [1]    ADCON0
0x0020       [2]    _countD
0x0022       [9]    ?lstr4_MyProject
0x002B      [14]    ?lstr5_MyProject
0x0039      [15]    ?lstr3_MyProject
0x0048       [9]    ?lstr1_MyProject
0x0051       [6]    ?lstr2_MyProject
0x0057       [1]    _count
0x0058       [1]    _read
0x0059       [2]    ___DoICPAddr
0x005B       [5]    _counterArray
0x0060       [1]    _t
0x0061       [0]    __Lib_Lcd_cmd_status
0x0062       [2]    _adc2
0x0064       [2]    _adc
0x0066       [1]    _i
0x0067       [1]    FARG_ShortToStr_input
0x0067       [1]    FARG_Ltrim_string
0x0067       [1]    FARG_EEPROM_Write_Address
0x0067       [1]    FARG_ADC_Read_channel
0x0067       [1]    FARG_Lcd_Out_row
0x0067       [1]    FARG_EEPROM_Read_Address
0x0067       [2]    FARG_LightSet_countD
0x0068       [2]    Ltrim_trimmed_L0
0x0068       [1]    FARG_EEPROM_Write_data_
0x0068       [1]    FARG_ShortToStr_output
0x0068       [1]    FARG_Lcd_Out_column
0x0069       [1]    FARG_Lcd_Out_text
0x0069       [2]    ShortToStr_i_L0
0x006A       [1]    Lcd_Out_i_L0
0x006B       [2]    ShortToStr_negative_L0
0x006D       [2]    ShortToStr_inbyte_L0
0x006F       [1]    FARG_Lcd_Chr_CP_out_char
0x006F       [1]    ByteToStr_DigitPos_L0
0x0070       [1]    R0
0x0071       [1]    R1
0x0072       [1]    R2
0x0073       [1]    R3
0x0074       [1]    R4
0x0075       [1]    R5
0x0076       [1]    R6
0x0077       [1]    R7
0x0078       [1]    R8
0x0079       [1]    R9
0x007A       [1]    R10
0x007B       [1]    R11
0x007C       [1]    R12
0x007D       [1]    R13
0x007E       [1]    R14
0x0081       [1]    OPTION_REG
0x0085       [1]    TRISA
0x0086       [1]    TRISB
0x0087       [0]    TRISC3_bit
0x0087       [0]    LCD_D6_Direction
0x0087       [0]    TRISC5_bit
0x0087       [0]    TRISC4_bit
0x0087       [0]    LCD_EN_Direction
0x0087       [0]    LCD_RS_Direction
0x0087       [0]    LCD_D7_Direction
0x0087       [0]    TRISC6_bit
0x0087       [0]    LCD_D4_Direction
0x0087       [0]    TRISC2_bit
0x0087       [1]    TRISC
0x0087       [0]    TRISC7_bit
0x0087       [0]    LCD_D5_Direction
0x0088       [1]    TRISD
0x0089       [1]    TRISE
0x008C       [1]    PIE1
0x008D       [1]    PIE2
0x008E       [1]    PCON
0x0091       [1]    SSPCON2
0x0094       [1]    SSPSTAT
0x0098       [1]    TXSTA
0x009C       [1]    CMCON
0x009D       [1]    CVRCON
0x009E       [1]    ADRESL
0x009F       [1]    ADCON1
0x00A0       [1]    FARG_ByteToStr_input
0x00A1       [1]    FARG_ByteToStr_output
0x00A2       [1]    FLOC__ByteToStr
0x00A3       [1]    FARG_Lcd_Cmd_out_char
0x010C       [1]    EEDATA
0x010D       [1]    EEADR
0x018C       [1]    EECON1
0x018D       [1]    EECON2
//** Constants locations ** 
//ADDRESS    SIZE    CONSTANT
//----------------------------------------------
0x042F       [2]    ?ICS_countD
0x0431       [9]    ?ICS?lstr4_MyProject
0x043A      [14]    ?ICS?lstr5_MyProject
0x0448      [15]    ?ICS?lstr3_MyProject
0x0457       [9]    ?ICS?lstr1_MyProject
0x0460       [6]    ?ICS?lstr2_MyProject
//** Label List: ** 
//----------------------------------------------
  L_LightSet0
  L_LightSet1
  L_LightSet2
  L_LightSet3
  L_LightSet4
  L_LightSet5
  L_LightSet6
  L_LightSet7
  L_LightSet8
  L_LightSet9
  L_LightSet10
  L_LightSet11
  L_LightSet12
  L_LightSet13
  L_main14
  L_main15
  L_main16
  L_main17
  L_main18
  L_main19
  L_main20
  L_main21
  L_main22
  L_main23
  L_main24
  L_main25
  L_main26
  L_main27
  L_main28
  L_main29
  L_main30
  L_main31
  L_main32
  L_main33
  L_main34
  L_main35
  L_main36
  L_main37
  L_main38
  L_main39
  L_main40
  L__LightSet41
  L__LightSet42
  L__LightSet43
  L_end_LightSet
  _LightSet
  L__LightSet45
  L__LightSet46
  L__LightSet47
  L__LightSet48
  L__LightSet49
  L__LightSet50
  L__LightSet51
  L_end_main
  _main
  L__main53
  L__main54
  L_end_P16F877A___?ag
  P16F877A____?ag
  L_ADC_Get_Sample0
  L_ADC_Get_Sample1
  L_ADC_Read2
  L_ADC_Read3
  L_end_ADC_Init
  _ADC_Init
  L_end_ADC_Get_Sample
  _ADC_Get_Sample
  L_end_ADC_Read
  _ADC_Read
  L_ByteToStr0
  L_ByteToStr1
  L_ByteToStr2
  L_ByteToStr3
  L_ByteToStr4
  L_ByteToStr5
  L_WordToStr6
  L_WordToStr7
  L_WordToStr8
  L_WordToStr9
  L_WordToStr10
  L_WordToStr11
  L_WordToStrWithZeros12
  L_WordToStrWithZeros13
  L_WordToStrWithZeros14
  L_WordToStrWithZeros15
  L_WordToStrWithZeros16
  L_ShortToStr17
  L_ShortToStr18
  L_ShortToStr19
  L_ShortToStr20
  L_ShortToStr21
  L_ShortToStr22
  L_IntToStr23
  L_IntToStr24
  L_IntToStr25
  L_IntToStr26
  L_IntToStr27
  L_IntToStr28
  L_IntToStrWithZeros29
  L_IntToStrWithZeros30
  L_IntToStrWithZeros31
  L_IntToStrWithZeros32
  L_IntToStrWithZeros33
  L_IntToStrWithZeros34
  L_IntToStrWithZeros35
  L_IntToStrWithZeros36
  L_IntToStrWithZeros37
  L_LongWordToStr38
  L_LongWordToStr39
  L_LongWordToStr40
  L_LongWordToStr41
  L_LongWordToStr42
  L_LongWordToStr43
  L_LongWordToStrWithZeros44
  L_LongWordToStrWithZeros45
  L_LongWordToStrWithZeros46
  L_LongWordToStrWithZeros47
  L_LongWordToStrWithZeros48
  L_LongToStr49
  L_LongToStr50
  L_LongToStr51
  L_LongToStr52
  L_LongToStr53
  L_LongToStr54
  L_LongIntToStrWithZeros55
  L_LongIntToStrWithZeros56
  L_LongIntToStrWithZeros57
  L_LongIntToStrWithZeros58
  L_LongIntToStrWithZeros59
  L_LongIntToStrWithZeros60
  L_LongIntToStrWithZeros61
  L_LongIntToStrWithZeros62
  L_LongIntToStrWithZeros63
  L_Dec2Bcd64
  L_Dec2Bcd65
  L_Rtrim66
  L_Rtrim67
  L_Rtrim68
  L_Rtrim69
  L_Ltrim70
  L_Ltrim71
  L_Ltrim72
  L_Ltrim73
  L_Ltrim74
  L_Ltrim75
  L_FloatToStr76
  L_FloatToStr77
  L_FloatToStr78
  L_FloatToStr79
  L_FloatToStr80
  L_FloatToStr81
  L_FloatToStr82
  L_FloatToStr83
  L_FloatToStr84
  L_FloatToStr85
  L_FloatToStr86
  L_FloatToStr87
  L_FloatToStr88
  L_FloatToStr89
  L_FloatToStr90
  L_FloatToStr91
  L_FloatToStr92
  L_FloatToStr93
  L_FloatToStr94
  L_FloatToStr95
  L_FloatToStr96
  L_FloatToStr97
  L__Rtrim98
  L__Ltrim99
  L__FloatToStr100
  L_end_ByteToHex
  _ByteToHex
  L_end_ShortToHex
  _ShortToHex
  L_end_WordToHex
  _WordToHex
  L_end_IntToHex
  _IntToHex
  L_end_LongWordToHex
  _LongWordToHex
  L_end_LongIntToHex
  _LongIntToHex
  L_end_ByteToStr
  _ByteToStr
  L_end_WordToStr
  _WordToStr
  L__WordToStr109
  L_end_WordToStrWithZeros
  _WordToStrWithZeros
  L__WordToStrWithZeros111
  L_end_ShortToStr
  _ShortToStr
  L__ShortToStr113
  L_end_IntToStr
  _IntToStr
  L__IntToStr115
  L__IntToStr116
  L_end_IntToStrWithZeros
  _IntToStrWithZeros
  L__IntToStrWithZeros118
  L__IntToStrWithZeros119
  L__IntToStrWithZeros120
  L_end_LongWordToStr
  _LongWordToStr
  L__LongWordToStr122
  L__LongWordToStr123
  L_end_LongWordToStrWithZeros
  _LongWordToStrWithZeros
  L__LongWordToStrWithZeros125
  L_end_LongToStr
  _LongToStr
  L__LongToStr127
  L__LongToStr128
  L_end_LongIntToStrWithZeros
  _LongIntToStrWithZeros
  L__LongIntToStrWithZeros130
  L__LongIntToStrWithZeros131
  L__LongIntToStrWithZeros132
  L_end_Dec2Bcd
  _Dec2Bcd
  L_end_Bcd2Dec
  _Bcd2Dec
  L_end_Bcd2Dec16
  _Bcd2Dec16
  L__Bcd2Dec16136
  L__Bcd2Dec16137
  L_end_Dec2Bcd16
  _Dec2Bcd16
  L__Dec2Bcd16139
  L__Dec2Bcd16140
  L_end_Rtrim
  _Rtrim
  L_end_Ltrim
  _Ltrim
  L_end_FloatToStr
  _FloatToStr
  L__FloatToStr144
  L__FloatToStr145
  L__FloatToStr146
  L__FloatToStr147
  L__FloatToStr148
  L_Delay_10us0
  L_Delay_22us1
  L_Delay_50us2
  L_Delay_80us3
  L_Delay_500us4
  L_Delay_5500us5
  L_Delay_1ms6
  L_Delay_5ms7
  L_Delay_8ms8
  L_Delay_10ms9
  L_Delay_100ms10
  L_Delay_1sec11
  L_boot16_Delay_5ms12
  L_Delay_Cyc13
  L_Delay_Cyc14
  L_VDelay_ms15
  L_VDelay_ms16
  L_VDelay_ms17
  L_VDelay_Advanced_ms18
  L_VDelay_Advanced_ms19
  L_VDelay_Advanced_ms20
  L_end_Get_Fosc_kHz
  _Get_Fosc_kHz
  L_end_Delay_1us
  _Delay_1us
  L_end_Delay_10us
  _Delay_10us
  L_end_Delay_22us
  _Delay_22us
  L_end_Delay_50us
  _Delay_50us
  L_end_Delay_80us
  _Delay_80us
  L_end_Delay_500us
  _Delay_500us
  L_end_Delay_5500us
  _Delay_5500us
  L_end_Delay_1ms
  _Delay_1ms
  L_end_Delay_5ms
  _Delay_5ms
  L_end_Delay_8ms
  _Delay_8ms
  L_end_Delay_10ms
  _Delay_10ms
  L_end_Delay_100ms
  _Delay_100ms
  L_end_Delay_1sec
  _Delay_1sec
  L_end_boot16_Delay_5ms
  _boot16_Delay_5ms
  L_end_Delay_Cyc
  _Delay_Cyc
  L_end_VDelay_ms
  _VDelay_ms
  L__VDelay_ms38
  L__VDelay_ms39
  L__VDelay_ms40
  L_end_VDelay_Advanced_ms
  _VDelay_Advanced_ms
  L__VDelay_Advanced_ms42
  L__VDelay_Advanced_ms43
  L__VDelay_Advanced_ms44
  L_EEPROM_Write0
  L_EEPROM_Write1
  L_end_EEPROM_Read
  _EEPROM_Read
  L_end_EEPROM_Write
  _EEPROM_Write
  L__EEPROM_Write4
  L__EEPROM_Write5
  L_Lcd_Cmd0
  L_Lcd_Cmd1
  L_Lcd_Out_CP2
  L_Lcd_Out_CP3
  L_Lcd_Chr4
  L_Lcd_Chr5
  L_Lcd_Chr6
  L_Lcd_Chr7
  L_Lcd_Chr8
  L_Lcd_Chr9
  L_Lcd_Chr10
  L_Lcd_Out11
  L_Lcd_Out12
  L_Lcd_Out13
  L_Lcd_Out14
  L_Lcd_Out15
  L_Lcd_Out16
  L_Lcd_Out17
  L_Lcd_Out18
  L_Lcd_Out19
  L_end_Lcd_Cmd
  _Lcd_Cmd
  L__Lcd_Cmd21
  L__Lcd_Cmd22
  L__Lcd_Cmd23
  L__Lcd_Cmd24
  L__Lcd_Cmd25
  L__Lcd_Cmd26
  L__Lcd_Cmd27
  L__Lcd_Cmd28
  L__Lcd_Cmd29
  L__Lcd_Cmd30
  L__Lcd_Cmd31
  L__Lcd_Cmd32
  L__Lcd_Cmd33
  L__Lcd_Cmd34
  L__Lcd_Cmd35
  L__Lcd_Cmd36
  L__Lcd_Cmd37
  L__Lcd_Cmd38
  L__Lcd_Cmd39
  L__Lcd_Cmd40
  L_end_Lcd_Chr_CP
  _Lcd_Chr_CP
  L_end_Lcd_Out_CP
  _Lcd_Out_CP
  L_end_Lcd_Chr
  _Lcd_Chr
  L_end_Lcd_Init
  _Lcd_Init
  L_end_Lcd_Out
  _Lcd_Out
  L_Div_16x16_S0
  L_Div_16x16_S1
  LOOPS3232A
  SADD22LA
  SOK22LA
  SADD22L8
  SOK22L8
  LOOPS3232B
  SADD22LB
  SOK22LB
  SADD22L16
  SOK22L16
  LOOPS3232C
  SADD22LC
  SOK22LC
  SADD22L24
  SOK22L24
  LOOPS3232D
  SADD22LD
  SOK22LD
  SOK22L
  L_Div_32x32_S6
  L_Div_32x32_S7
  L_Div_32x32_S8
  L_Div_32x32_S9
  FXD3232S
  END_ALL
  CA3232S
  C3232SX
  C3232SX1
  C3232S
  C3232S2
  C3232SX4
  C3232SOK
  C3232SX3
  C3232SX2
  avoid_comfrem
  LOOPU3232A
  UADD22LA
  UOK22LA
  UADD22L8
  UOK22L8
  LOOPU3232B
  UADD22LB
  UOK22LB
  UADD22L16
  UOK22L16
  LOOPU3232C
  UADD22LC
  UOK22LC
  UADD22L24
  UOK22L24
  LOOPU3232D
  UADD22LD
  UOK22LD
  UOK22L
  _NEXT
  _EXIT2
  _LOOP
  _EXIT1
  _IF_FIRST
  _IF_SECOND
  _INVERCE_FIRST
  _MULT
  _INBERSE_SECOND
  _EXIT
  L_end_Mul_8x8_U
  _Mul_8x8_U
  L_end_Mul_16x16_U
  _Mul_16x16_U
  L_end_Div_8x8_U
  _Div_8x8_U
  L_end_Div_16x16_U
  _Div_16x16_U
  L_end_Mul_8x8_S
  _Mul_8x8_S
  L_end_Mul_16x16_S
  _Mul_16x16_S
  L_end_Div_16x16_S_L
  _Div_16x16_S_L
  L_end_Div_16x16_S
  _Div_16x16_S
  L_end_Div_8x8_S
  _Div_8x8_S
  L_end_SDIV3232L
  _SDIV3232L
  L_end_COMFREM
  _COMFREM
  L_end_Div_32x32_S
  _Div_32x32_S
  L_end_Div_32x32_U
  _Div_32x32_U
  L_end_Mul_32x32_U
  _Mul_32x32_U
  L_end_Mul_32x32_S
  _Mul_32x32_S
  _CC2D_Loop1
  L_end_____DoICP
  _____DoICP
  L_end_____DoIFC
  _____DoIFC
  L_end___CC2DW
  ___CC2DW
  L_end_Swap
  _Swap
